TN:
SF:src/components/ChartEditor.vue
FN:55,(anonymous_0)
FN:62,(anonymous_1)
FN:92,(anonymous_2)
FN:100,(anonymous_3)
FN:105,(anonymous_4)
FN:110,(anonymous_5)
FN:115,(anonymous_6)
FN:119,(anonymous_7)
FN:150,(anonymous_8)
FN:147,(anonymous_9)
FN:161,(anonymous_10)
FN:173,(anonymous_11)
FN:182,(anonymous_12)
FN:190,(anonymous_13)
FN:199,(anonymous_14)
FN:196,(anonymous_15)
FN:212,(anonymous_16)
FN:205,(anonymous_17)
FN:220,(anonymous_18)
FN:217,(anonymous_19)
FN:221,(anonymous_20)
FNF:21
FNH:10
FNDA:4,(anonymous_0)
FNDA:7,(anonymous_1)
FNDA:1,(anonymous_2)
FNDA:1,(anonymous_3)
FNDA:1,(anonymous_4)
FNDA:1,(anonymous_5)
FNDA:2,(anonymous_6)
FNDA:20,(anonymous_7)
FNDA:0,(anonymous_8)
FNDA:12,(anonymous_9)
FNDA:0,(anonymous_10)
FNDA:0,(anonymous_11)
FNDA:0,(anonymous_12)
FNDA:6,(anonymous_13)
FNDA:0,(anonymous_14)
FNDA:0,(anonymous_15)
FNDA:0,(anonymous_16)
FNDA:0,(anonymous_17)
FNDA:0,(anonymous_18)
FNDA:0,(anonymous_19)
FNDA:0,(anonymous_20)
DA:27,20
DA:28,20
DA:30,20
DA:31,20
DA:32,20
DA:33,20
DA:34,20
DA:35,20
DA:40,20
DA:41,20
DA:42,20
DA:43,20
DA:45,20
DA:55,20
DA:56,4
DA:57,4
DA:59,4
DA:60,4
DA:62,7
DA:68,4
DA:81,4
DA:82,4
DA:84,0
DA:85,0
DA:87,4
DA:92,20
DA:93,1
DA:94,1
DA:95,0
DA:100,20
DA:101,1
DA:105,20
DA:106,1
DA:110,20
DA:111,1
DA:115,20
DA:116,2
DA:119,20
DA:120,20
DA:121,1
DA:127,28
DA:136,1
DA:142,1
DA:144,1
DA:146,0
DA:147,12
DA:154,1
DA:157,0
DA:165,1
DA:166,1
DA:169,0
DA:175,1
DA:178,0
DA:187,1
DA:189,1
DA:190,6
DA:192,0
DA:196,0
DA:201,0
DA:205,0
DA:214,0
DA:217,0
DA:221,0
DA:228,1
DA:230,1
DA:239,1
LF:66
LH:52
BRDA:64,0,0,4
BRDA:64,0,1,4
BRDA:65,1,0,4
BRDA:65,1,1,4
BRDA:85,2,0,0
BRDA:85,2,1,0
BRDA:94,3,0,0
BRDA:94,3,1,1
BRDA:120,4,0,1
BRDA:120,4,1,19
BRDA:130,5,0,1
BRDA:130,5,1,27
BRDA:135,6,0,2
BRDA:137,7,0,2
BRDA:137,7,1,2
BRDA:151,8,0,2
BRDA:151,8,1,2
BRDA:150,9,0,2
BRDA:150,9,1,2
BRDA:162,10,0,2
BRDA:162,10,1,2
BRDA:161,11,0,2
BRDA:161,11,1,2
BRDA:174,12,0,2
BRDA:174,12,1,2
BRDA:173,13,0,2
BRDA:173,13,1,2
BRDA:183,14,0,2
BRDA:183,14,1,2
BRDA:182,15,0,2
BRDA:182,15,1,2
BRDA:225,16,0,2
BRDA:225,16,1,2
BRDA:236,17,0,2
BRDA:236,17,1,2
BRDA:231,18,0,0
BRDA:231,18,1,2
BRDA:232,19,0,0
BRDA:232,19,1,2
BRDA:233,20,0,0
BRDA:233,20,1,2
BRDA:241,21,0,0
BRDA:241,21,1,2
BRF:43
BRH:36
end_of_record
TN:
SF:src/components/Editor.vue
FN:33,(anonymous_0)
FN:51,(anonymous_1)
FN:72,(anonymous_2)
FN:73,(anonymous_3)
FN:81,(anonymous_4)
FN:85,(anonymous_5)
FN:99,(anonymous_6)
FN:100,(anonymous_7)
FN:108,(anonymous_8)
FN:114,(anonymous_9)
FN:118,(anonymous_10)
FN:135,(anonymous_11)
FN:140,(anonymous_12)
FN:156,(anonymous_13)
FN:170,(anonymous_14)
FN:176,(anonymous_15)
FN:185,(anonymous_16)
FN:200,(anonymous_17)
FN:204,(anonymous_18)
FN:212,(anonymous_19)
FN:218,(anonymous_20)
FN:235,(anonymous_21)
FN:239,(anonymous_22)
FN:241,(anonymous_23)
FN:259,(anonymous_24)
FN:264,(anonymous_25)
FN:268,(anonymous_26)
FN:272,(anonymous_27)
FN:277,(anonymous_28)
FN:282,(anonymous_29)
FN:293,(anonymous_30)
FN:303,(anonymous_31)
FN:307,(anonymous_32)
FN:318,(anonymous_33)
FN:320,(anonymous_34)
FN:331,(anonymous_35)
FN:342,(anonymous_36)
FN:346,(anonymous_37)
FN:348,(anonymous_38)
FN:354,(anonymous_39)
FN:368,(anonymous_40)
FN:373,(anonymous_41)
FN:378,(anonymous_42)
FN:383,(anonymous_43)
FN:395,(anonymous_44)
FN:400,(anonymous_45)
FN:405,(anonymous_46)
FN:409,(anonymous_47)
FN:410,(anonymous_48)
FN:417,(anonymous_49)
FN:418,(anonymous_50)
FN:425,(anonymous_51)
FN:443,(anonymous_52)
FN:724,(anonymous_53)
FN:733,(anonymous_54)
FN:743,(anonymous_55)
FN:747,(anonymous_56)
FN:758,(anonymous_57)
FN:766,(anonymous_58)
FN:791,(anonymous_59)
FN:799,(anonymous_60)
FN:807,(anonymous_61)
FN:815,(anonymous_62)
FN:823,(anonymous_63)
FN:831,(anonymous_64)
FN:839,(anonymous_65)
FN:847,(anonymous_66)
FN:855,(anonymous_67)
FN:863,(anonymous_68)
FN:871,(anonymous_69)
FN:884,(anonymous_70)
FN:897,(anonymous_71)
FN:906,(anonymous_72)
FN:915,(anonymous_73)
FN:924,(anonymous_74)
FN:933,(anonymous_75)
FN:942,(anonymous_76)
FN:955,(anonymous_77)
FN:963,(anonymous_78)
FN:971,(anonymous_79)
FN:979,(anonymous_80)
FN:1088,(anonymous_81)
FN:1094,(anonymous_82)
FN:1098,(anonymous_83)
FN:1117,(anonymous_84)
FN:1164,(anonymous_85)
FN:1169,(anonymous_86)
FN:1176,(anonymous_87)
FN:1182,(anonymous_88)
FN:1184,(anonymous_89)
FN:1201,(anonymous_90)
FN:1207,(anonymous_91)
FN:1211,(anonymous_92)
FN:1217,(anonymous_93)
FN:1236,(anonymous_94)
FN:1241,(anonymous_95)
FN:1249,(anonymous_96)
FN:1276,(anonymous_97)
FN:1317,(anonymous_98)
FN:1330,(anonymous_99)
FN:1337,(anonymous_100)
FN:1364,(anonymous_101)
FN:1376,(anonymous_102)
FN:1383,(anonymous_103)
FN:1411,(anonymous_104)
FN:1423,(anonymous_105)
FN:1430,(anonymous_106)
FN:1480,(anonymous_107)
FN:1521,(anonymous_108)
FN:1533,(anonymous_109)
FN:1540,(anonymous_110)
FN:1565,(anonymous_111)
FN:1577,(anonymous_112)
FN:1584,(anonymous_113)
FN:1610,(anonymous_114)
FN:1622,(anonymous_115)
FN:1629,(anonymous_116)
FN:1658,(anonymous_117)
FN:1669,(anonymous_118)
FN:1674,(anonymous_119)
FN:1692,(anonymous_120)
FN:1698,(anonymous_121)
FN:1785,(anonymous_122)
FN:1796,(anonymous_123)
FN:1804,(anonymous_124)
FN:1809,(anonymous_125)
FN:1827,(anonymous_126)
FN:1839,(anonymous_127)
FN:1843,(anonymous_128)
FN:1847,(anonymous_129)
FN:1886,(anonymous_130)
FN:1899,(anonymous_131)
FN:1905,(anonymous_132)
FN:1911,(anonymous_133)
FN:1916,(anonymous_134)
FN:1931,(anonymous_135)
FN:1937,(anonymous_136)
FN:1949,(anonymous_137)
FN:1964,(anonymous_138)
FN:1968,(anonymous_139)
FN:1996,(anonymous_140)
FN:1999,(anonymous_141)
FN:2007,(anonymous_142)
FN:2015,(anonymous_143)
FN:2030,(anonymous_144)
FN:2045,(anonymous_145)
FN:2048,(anonymous_146)
FN:2051,(anonymous_147)
FN:2054,(anonymous_148)
FN:2057,(anonymous_149)
FN:2065,(anonymous_150)
FN:2069,(anonymous_151)
FN:2106,(anonymous_152)
FN:2189,(anonymous_153)
FN:2201,(anonymous_154)
FN:2209,(anonymous_155)
FN:2327,(anonymous_156)
FN:2329,(anonymous_157)
FN:2330,(anonymous_158)
FN:2349,(anonymous_159)
FN:2359,(anonymous_160)
FN:2364,(anonymous_161)
FN:2368,(anonymous_162)
FN:2372,(anonymous_163)
FN:2376,(anonymous_164)
FN:2389,(anonymous_165)
FN:2402,(anonymous_166)
FN:2406,(anonymous_167)
FN:2410,(anonymous_168)
FN:2418,(anonymous_169)
FN:2422,(anonymous_170)
FN:2426,(anonymous_171)
FN:2430,(anonymous_172)
FN:2434,(anonymous_173)
FN:2439,(anonymous_174)
FN:2444,(anonymous_175)
FN:2450,(anonymous_176)
FN:2455,(anonymous_177)
FN:2462,(anonymous_178)
FN:2468,(anonymous_179)
FN:2472,(anonymous_180)
FN:2477,(anonymous_181)
FN:2482,(anonymous_182)
FN:2487,(anonymous_183)
FN:2492,(anonymous_184)
FN:2497,(anonymous_185)
FN:2502,(anonymous_186)
FN:2506,(anonymous_187)
FN:2510,(anonymous_188)
FN:2515,(anonymous_189)
FN:2525,(anonymous_190)
FN:2528,(anonymous_191)
FN:2534,(anonymous_192)
FN:2543,(anonymous_193)
FN:2562,(anonymous_194)
FN:2565,(anonymous_195)
FN:2585,(anonymous_196)
FN:2591,(anonymous_197)
FN:2596,(anonymous_198)
FN:2599,(anonymous_199)
FN:2614,(anonymous_200)
FN:2620,(anonymous_201)
FN:2625,(anonymous_202)
FN:2636,(anonymous_203)
FN:2639,(anonymous_204)
FN:2645,(anonymous_205)
FN:2652,(anonymous_206)
FN:2658,(anonymous_207)
FN:2662,(anonymous_208)
FN:2670,(anonymous_209)
FN:2675,(anonymous_210)
FN:2679,(anonymous_211)
FN:2683,(anonymous_212)
FN:2694,(anonymous_213)
FN:2708,(anonymous_214)
FN:2710,(anonymous_215)
FN:2719,(anonymous_216)
FN:2725,(anonymous_217)
FN:2736,(anonymous_218)
FN:2746,(anonymous_219)
FN:2751,(anonymous_220)
FN:2756,(anonymous_221)
FN:2759,(anonymous_222)
FN:2778,(anonymous_223)
FN:2781,(anonymous_224)
FN:2787,(anonymous_225)
FN:2790,(anonymous_226)
FN:2809,(anonymous_227)
FN:2812,(anonymous_228)
FN:2818,(anonymous_229)
FN:2827,(anonymous_230)
FN:2838,(anonymous_231)
FN:2843,(anonymous_232)
FN:2848,(anonymous_233)
FN:2863,(anonymous_234)
FN:2872,(anonymous_235)
FN:2881,(anonymous_236)
FN:2929,(anonymous_237)
FN:2937,(anonymous_238)
FN:2943,(anonymous_239)
FN:2953,(anonymous_240)
FN:2976,(anonymous_241)
FN:2982,(anonymous_242)
FN:2992,(anonymous_243)
FN:3015,(anonymous_244)
FN:3021,(anonymous_245)
FN:3031,(anonymous_246)
FN:3048,(anonymous_247)
FN:3054,(anonymous_248)
FN:3064,(anonymous_249)
FN:3087,(anonymous_250)
FN:3093,(anonymous_251)
FN:3103,(anonymous_252)
FN:3127,(anonymous_253)
FN:3132,(anonymous_254)
FN:3143,(anonymous_255)
FN:3148,(anonymous_256)
FN:3154,(anonymous_257)
FN:3187,(anonymous_258)
FN:3192,(anonymous_259)
FN:3198,(anonymous_260)
FN:3208,(anonymous_261)
FN:3213,(anonymous_262)
FN:3219,(anonymous_263)
FN:3229,(anonymous_264)
FN:3234,(anonymous_265)
FN:3238,(anonymous_266)
FN:3245,(anonymous_267)
FN:3263,(anonymous_268)
FN:3274,(anonymous_269)
FN:3282,(anonymous_270)
FN:3305,(anonymous_271)
FN:3316,(anonymous_272)
FN:3352,(anonymous_273)
FN:3391,(anonymous_274)
FN:3402,(anonymous_275)
FN:3416,(anonymous_276)
FN:3431,(anonymous_277)
FN:3435,(anonymous_278)
FN:3458,(anonymous_279)
FN:3463,(anonymous_280)
FN:3477,(anonymous_281)
FN:3482,(anonymous_282)
FN:3498,(anonymous_283)
FN:3504,(anonymous_284)
FN:3514,(anonymous_285)
FN:3519,(anonymous_286)
FN:3527,(anonymous_287)
FN:3530,(anonymous_288)
FN:3539,(anonymous_289)
FN:3545,(anonymous_290)
FN:3553,(anonymous_291)
FN:3561,(anonymous_292)
FN:3566,(anonymous_293)
FN:3588,(anonymous_294)
FN:3591,(anonymous_295)
FN:3608,(anonymous_296)
FN:3613,(anonymous_297)
FN:3618,(anonymous_298)
FN:3631,(anonymous_299)
FN:3635,(anonymous_300)
FN:3645,(anonymous_301)
FN:3650,(anonymous_302)
FN:3657,(anonymous_303)
FN:3661,(anonymous_304)
FN:3669,(anonymous_305)
FN:3678,(anonymous_306)
FN:3682,(anonymous_307)
FN:3693,(anonymous_308)
FN:3697,(anonymous_309)
FN:3705,(anonymous_310)
FN:3709,(anonymous_311)
FN:3710,(anonymous_312)
FN:3738,(anonymous_313)
FN:3742,(anonymous_314)
FN:3746,(anonymous_315)
FN:3752,(anonymous_316)
FN:3756,(anonymous_317)
FN:3761,(anonymous_318)
FN:3762,(anonymous_319)
FN:3764,(anonymous_320)
FN:3767,(anonymous_321)
FN:3771,(anonymous_322)
FN:3782,(anonymous_323)
FN:3787,(anonymous_324)
FN:3800,(anonymous_325)
FN:3804,(anonymous_326)
FN:3817,(anonymous_327)
FN:3821,(anonymous_328)
FN:3830,(anonymous_329)
FN:3833,(anonymous_330)
FN:3838,(anonymous_331)
FN:3842,(anonymous_332)
FN:3851,(anonymous_333)
FN:3854,(anonymous_334)
FN:3859,(anonymous_335)
FN:3864,(anonymous_336)
FN:3876,(anonymous_337)
FN:3880,(anonymous_338)
FN:3884,(anonymous_339)
FN:3894,(anonymous_340)
FN:3898,(anonymous_341)
FN:3903,(anonymous_342)
FN:3915,(anonymous_343)
FN:3919,(anonymous_344)
FN:3924,(anonymous_345)
FN:3932,(anonymous_346)
FN:3937,(anonymous_347)
FN:3955,(anonymous_348)
FN:3959,(anonymous_349)
FN:3964,(anonymous_350)
FN:3972,(anonymous_351)
FN:3976,(anonymous_352)
FN:3995,(anonymous_353)
FN:3999,(anonymous_354)
FN:4003,(anonymous_355)
FN:4014,(anonymous_356)
FN:4020,(anonymous_357)
FN:4024,(anonymous_358)
FN:4030,(anonymous_359)
FN:4034,(anonymous_360)
FN:4040,(anonymous_361)
FN:4052,(anonymous_362)
FN:4056,(anonymous_363)
FN:4063,(anonymous_364)
FN:4067,(anonymous_365)
FN:4071,(anonymous_366)
FN:4081,(anonymous_367)
FN:4085,(anonymous_368)
FN:4089,(anonymous_369)
FN:4093,(anonymous_370)
FN:4103,(anonymous_371)
FN:4108,(anonymous_372)
FN:4119,(anonymous_373)
FN:4125,(anonymous_374)
FN:4154,(anonymous_375)
FN:4168,(anonymous_376)
FN:4172,(anonymous_377)
FN:4178,(anonymous_378)
FN:4185,(anonymous_379)
FN:4204,(anonymous_380)
FN:4213,(anonymous_381)
FN:4217,(anonymous_382)
FN:4225,(anonymous_383)
FN:4230,(anonymous_384)
FN:4237,(anonymous_385)
FN:4241,(anonymous_386)
FN:4243,(anonymous_387)
FN:4246,(anonymous_388)
FN:4250,(anonymous_389)
FN:4254,(anonymous_390)
FN:4258,(anonymous_391)
FN:4262,(anonymous_392)
FN:4270,(anonymous_393)
FN:4272,(anonymous_394)
FN:4275,(anonymous_395)
FN:4277,(anonymous_396)
FN:4280,(anonymous_397)
FN:4287,(anonymous_398)
FN:4289,(anonymous_399)
FN:4292,(anonymous_400)
FN:4294,(anonymous_401)
FN:4297,(anonymous_402)
FN:4299,(anonymous_403)
FN:4302,(anonymous_404)
FN:4304,(anonymous_405)
FN:4307,(anonymous_406)
FN:4311,(anonymous_407)
FN:4315,(anonymous_408)
FN:4319,(anonymous_409)
FN:4321,(anonymous_410)
FN:4324,(anonymous_411)
FN:4326,(anonymous_412)
FN:4329,(anonymous_413)
FN:4331,(anonymous_414)
FN:4334,(anonymous_415)
FN:4338,(anonymous_416)
FN:4342,(anonymous_417)
FN:4345,(anonymous_418)
FN:4348,(anonymous_419)
FN:4352,(anonymous_420)
FN:4356,(anonymous_421)
FN:4358,(anonymous_422)
FN:4361,(anonymous_423)
FN:4363,(anonymous_424)
FN:4366,(anonymous_425)
FN:4370,(anonymous_426)
FN:4374,(anonymous_427)
FN:4378,(anonymous_428)
FN:4383,(anonymous_429)
FN:4412,(anonymous_430)
FN:4420,(anonymous_431)
FN:4428,(anonymous_432)
FN:4436,(anonymous_433)
FN:4453,(anonymous_434)
FN:4491,(anonymous_435)
FN:4496,(anonymous_436)
FN:4507,(anonymous_437)
FN:4512,(anonymous_438)
FN:4520,(anonymous_439)
FN:4524,(anonymous_440)
FN:4533,(anonymous_441)
FN:4539,(anonymous_442)
FN:4545,(anonymous_443)
FN:4549,(anonymous_444)
FN:4554,(anonymous_445)
FN:4558,(anonymous_446)
FN:4562,(anonymous_447)
FN:4569,(anonymous_448)
FN:4573,(anonymous_449)
FN:4577,(anonymous_450)
FN:4587,(anonymous_451)
FN:4591,(anonymous_452)
FN:4619,(anonymous_453)
FN:4623,(anonymous_454)
FN:4624,(anonymous_455)
FN:4626,(anonymous_456)
FN:4629,(anonymous_457)
FN:4633,(anonymous_458)
FN:4643,(anonymous_459)
FN:4647,(anonymous_460)
FN:4665,(anonymous_461)
FN:4669,(anonymous_462)
FN:4681,(anonymous_463)
FN:4689,(anonymous_464)
FN:4693,(anonymous_465)
FN:4705,(anonymous_466)
FN:4712,(anonymous_467)
FN:4719,(anonymous_468)
FN:4727,(anonymous_469)
FN:4744,(anonymous_470)
FN:4757,(anonymous_471)
FN:4761,(anonymous_472)
FN:4789,(anonymous_473)
FN:4793,(anonymous_474)
FN:4800,(anonymous_475)
FN:4817,(anonymous_476)
FN:4821,(anonymous_477)
FN:4828,(anonymous_478)
FN:4831,(anonymous_479)
FN:4834,(anonymous_480)
FN:4836,(anonymous_481)
FN:4840,(anonymous_482)
FN:4844,(anonymous_483)
FN:4847,(anonymous_484)
FN:4849,(anonymous_485)
FN:4853,(anonymous_486)
FN:4858,(anonymous_487)
FN:4867,(anonymous_488)
FN:4902,(anonymous_489)
FN:4903,(anonymous_490)
FN:4909,(anonymous_491)
FN:4915,(anonymous_492)
FN:4936,(anonymous_493)
FN:4941,(anonymous_494)
FN:4946,(anonymous_495)
FN:4964,(anonymous_496)
FN:4979,(anonymous_497)
FN:4985,(anonymous_498)
FN:4995,(anonymous_499)
FN:4998,(anonymous_500)
FN:5003,(anonymous_501)
FN:5007,(anonymous_502)
FN:5010,(anonymous_503)
FN:5018,(anonymous_504)
FN:5022,(anonymous_505)
FN:5027,(anonymous_506)
FN:5038,(anonymous_507)
FN:5042,(anonymous_508)
FN:5057,(anonymous_509)
FN:5060,(anonymous_510)
FN:5066,(anonymous_511)
FN:5069,(anonymous_512)
FN:5077,(anonymous_513)
FN:5082,(anonymous_514)
FN:5089,(anonymous_515)
FN:5093,(anonymous_516)
FN:5100,(anonymous_517)
FN:5115,(anonymous_518)
FN:5124,(anonymous_519)
FN:5130,(anonymous_520)
FN:5139,(anonymous_521)
FN:5143,(anonymous_522)
FN:5146,(anonymous_523)
FN:5168,(anonymous_524)
FN:5179,(anonymous_525)
FN:5190,(anonymous_526)
FN:5198,(anonymous_527)
FN:5203,(anonymous_528)
FN:5207,(anonymous_529)
FN:5211,(anonymous_530)
FN:5216,(anonymous_531)
FN:5230,(anonymous_532)
FN:5441,(anonymous_533)
FN:5477,(anonymous_534)
FN:5483,(anonymous_535)
FN:5489,(anonymous_536)
FN:5495,(anonymous_537)
FN:5500,(anonymous_538)
FN:5515,(anonymous_539)
FN:5617,(anonymous_540)
FN:5624,(anonymous_541)
FN:5631,(anonymous_542)
FN:5638,(anonymous_543)
FN:5645,(anonymous_544)
FN:5652,(anonymous_545)
FN:5743,(anonymous_546)
FN:5750,(anonymous_547)
FN:5794,(anonymous_548)
FN:5797,(anonymous_549)
FN:5800,(anonymous_550)
FN:5803,(anonymous_551)
FN:5822,(anonymous_552)
FN:5825,(anonymous_553)
FN:5828,(anonymous_554)
FN:6248,(anonymous_555)
FN:6251,(anonymous_556)
FN:6749,(anonymous_557)
FN:6753,(anonymous_558)
FN:6763,(anonymous_559)
FN:6766,(anonymous_560)
FNF:561
FNH:27
FNDA:30,(anonymous_0)
FNDA:0,(anonymous_1)
FNDA:0,(anonymous_2)
FNDA:0,(anonymous_3)
FNDA:0,(anonymous_4)
FNDA:0,(anonymous_5)
FNDA:0,(anonymous_6)
FNDA:0,(anonymous_7)
FNDA:0,(anonymous_8)
FNDA:0,(anonymous_9)
FNDA:0,(anonymous_10)
FNDA:15,(anonymous_11)
FNDA:0,(anonymous_12)
FNDA:0,(anonymous_13)
FNDA:15,(anonymous_14)
FNDA:0,(anonymous_15)
FNDA:0,(anonymous_16)
FNDA:0,(anonymous_17)
FNDA:0,(anonymous_18)
FNDA:0,(anonymous_19)
FNDA:0,(anonymous_20)
FNDA:0,(anonymous_21)
FNDA:0,(anonymous_22)
FNDA:0,(anonymous_23)
FNDA:0,(anonymous_24)
FNDA:0,(anonymous_25)
FNDA:0,(anonymous_26)
FNDA:0,(anonymous_27)
FNDA:0,(anonymous_28)
FNDA:0,(anonymous_29)
FNDA:0,(anonymous_30)
FNDA:0,(anonymous_31)
FNDA:0,(anonymous_32)
FNDA:0,(anonymous_33)
FNDA:0,(anonymous_34)
FNDA:0,(anonymous_35)
FNDA:0,(anonymous_36)
FNDA:0,(anonymous_37)
FNDA:0,(anonymous_38)
FNDA:0,(anonymous_39)
FNDA:0,(anonymous_40)
FNDA:0,(anonymous_41)
FNDA:0,(anonymous_42)
FNDA:0,(anonymous_43)
FNDA:0,(anonymous_44)
FNDA:0,(anonymous_45)
FNDA:0,(anonymous_46)
FNDA:0,(anonymous_47)
FNDA:0,(anonymous_48)
FNDA:0,(anonymous_49)
FNDA:0,(anonymous_50)
FNDA:0,(anonymous_51)
FNDA:0,(anonymous_52)
FNDA:0,(anonymous_53)
FNDA:0,(anonymous_54)
FNDA:15,(anonymous_55)
FNDA:0,(anonymous_56)
FNDA:0,(anonymous_57)
FNDA:15,(anonymous_58)
FNDA:0,(anonymous_59)
FNDA:0,(anonymous_60)
FNDA:0,(anonymous_61)
FNDA:0,(anonymous_62)
FNDA:0,(anonymous_63)
FNDA:0,(anonymous_64)
FNDA:0,(anonymous_65)
FNDA:0,(anonymous_66)
FNDA:0,(anonymous_67)
FNDA:0,(anonymous_68)
FNDA:0,(anonymous_69)
FNDA:0,(anonymous_70)
FNDA:0,(anonymous_71)
FNDA:0,(anonymous_72)
FNDA:0,(anonymous_73)
FNDA:0,(anonymous_74)
FNDA:0,(anonymous_75)
FNDA:0,(anonymous_76)
FNDA:0,(anonymous_77)
FNDA:0,(anonymous_78)
FNDA:0,(anonymous_79)
FNDA:0,(anonymous_80)
FNDA:0,(anonymous_81)
FNDA:0,(anonymous_82)
FNDA:0,(anonymous_83)
FNDA:0,(anonymous_84)
FNDA:0,(anonymous_85)
FNDA:0,(anonymous_86)
FNDA:0,(anonymous_87)
FNDA:0,(anonymous_88)
FNDA:0,(anonymous_89)
FNDA:0,(anonymous_90)
FNDA:0,(anonymous_91)
FNDA:0,(anonymous_92)
FNDA:15,(anonymous_93)
FNDA:0,(anonymous_94)
FNDA:0,(anonymous_95)
FNDA:0,(anonymous_96)
FNDA:0,(anonymous_97)
FNDA:0,(anonymous_98)
FNDA:0,(anonymous_99)
FNDA:0,(anonymous_100)
FNDA:0,(anonymous_101)
FNDA:0,(anonymous_102)
FNDA:0,(anonymous_103)
FNDA:0,(anonymous_104)
FNDA:0,(anonymous_105)
FNDA:0,(anonymous_106)
FNDA:0,(anonymous_107)
FNDA:0,(anonymous_108)
FNDA:0,(anonymous_109)
FNDA:0,(anonymous_110)
FNDA:0,(anonymous_111)
FNDA:0,(anonymous_112)
FNDA:1,(anonymous_113)
FNDA:0,(anonymous_114)
FNDA:0,(anonymous_115)
FNDA:1,(anonymous_116)
FNDA:0,(anonymous_117)
FNDA:0,(anonymous_118)
FNDA:2,(anonymous_119)
FNDA:0,(anonymous_120)
FNDA:1,(anonymous_121)
FNDA:0,(anonymous_122)
FNDA:0,(anonymous_123)
FNDA:1,(anonymous_124)
FNDA:1,(anonymous_125)
FNDA:0,(anonymous_126)
FNDA:0,(anonymous_127)
FNDA:4,(anonymous_128)
FNDA:0,(anonymous_129)
FNDA:0,(anonymous_130)
FNDA:0,(anonymous_131)
FNDA:0,(anonymous_132)
FNDA:0,(anonymous_133)
FNDA:0,(anonymous_134)
FNDA:0,(anonymous_135)
FNDA:0,(anonymous_136)
FNDA:0,(anonymous_137)
FNDA:0,(anonymous_138)
FNDA:0,(anonymous_139)
FNDA:0,(anonymous_140)
FNDA:1,(anonymous_141)
FNDA:33,(anonymous_142)
FNDA:6,(anonymous_143)
FNDA:0,(anonymous_144)
FNDA:1,(anonymous_145)
FNDA:1,(anonymous_146)
FNDA:0,(anonymous_147)
FNDA:0,(anonymous_148)
FNDA:15,(anonymous_149)
FNDA:15,(anonymous_150)
FNDA:15,(anonymous_151)
FNDA:15,(anonymous_152)
FNDA:0,(anonymous_153)
FNDA:0,(anonymous_154)
FNDA:0,(anonymous_155)
FNDA:0,(anonymous_156)
FNDA:0,(anonymous_157)
FNDA:0,(anonymous_158)
FNDA:0,(anonymous_159)
FNDA:0,(anonymous_160)
FNDA:0,(anonymous_161)
FNDA:0,(anonymous_162)
FNDA:0,(anonymous_163)
FNDA:0,(anonymous_164)
FNDA:0,(anonymous_165)
FNDA:0,(anonymous_166)
FNDA:0,(anonymous_167)
FNDA:0,(anonymous_168)
FNDA:0,(anonymous_169)
FNDA:0,(anonymous_170)
FNDA:0,(anonymous_171)
FNDA:0,(anonymous_172)
FNDA:0,(anonymous_173)
FNDA:0,(anonymous_174)
FNDA:0,(anonymous_175)
FNDA:0,(anonymous_176)
FNDA:0,(anonymous_177)
FNDA:0,(anonymous_178)
FNDA:0,(anonymous_179)
FNDA:0,(anonymous_180)
FNDA:0,(anonymous_181)
FNDA:0,(anonymous_182)
FNDA:0,(anonymous_183)
FNDA:0,(anonymous_184)
FNDA:0,(anonymous_185)
FNDA:0,(anonymous_186)
FNDA:0,(anonymous_187)
FNDA:0,(anonymous_188)
FNDA:0,(anonymous_189)
FNDA:0,(anonymous_190)
FNDA:0,(anonymous_191)
FNDA:0,(anonymous_192)
FNDA:0,(anonymous_193)
FNDA:0,(anonymous_194)
FNDA:0,(anonymous_195)
FNDA:0,(anonymous_196)
FNDA:0,(anonymous_197)
FNDA:0,(anonymous_198)
FNDA:0,(anonymous_199)
FNDA:0,(anonymous_200)
FNDA:0,(anonymous_201)
FNDA:0,(anonymous_202)
FNDA:0,(anonymous_203)
FNDA:0,(anonymous_204)
FNDA:0,(anonymous_205)
FNDA:0,(anonymous_206)
FNDA:0,(anonymous_207)
FNDA:0,(anonymous_208)
FNDA:0,(anonymous_209)
FNDA:0,(anonymous_210)
FNDA:0,(anonymous_211)
FNDA:0,(anonymous_212)
FNDA:0,(anonymous_213)
FNDA:0,(anonymous_214)
FNDA:0,(anonymous_215)
FNDA:0,(anonymous_216)
FNDA:0,(anonymous_217)
FNDA:0,(anonymous_218)
FNDA:0,(anonymous_219)
FNDA:0,(anonymous_220)
FNDA:0,(anonymous_221)
FNDA:0,(anonymous_222)
FNDA:0,(anonymous_223)
FNDA:0,(anonymous_224)
FNDA:0,(anonymous_225)
FNDA:0,(anonymous_226)
FNDA:0,(anonymous_227)
FNDA:0,(anonymous_228)
FNDA:0,(anonymous_229)
FNDA:0,(anonymous_230)
FNDA:0,(anonymous_231)
FNDA:0,(anonymous_232)
FNDA:0,(anonymous_233)
FNDA:0,(anonymous_234)
FNDA:0,(anonymous_235)
FNDA:0,(anonymous_236)
FNDA:0,(anonymous_237)
FNDA:0,(anonymous_238)
FNDA:0,(anonymous_239)
FNDA:0,(anonymous_240)
FNDA:0,(anonymous_241)
FNDA:0,(anonymous_242)
FNDA:0,(anonymous_243)
FNDA:0,(anonymous_244)
FNDA:0,(anonymous_245)
FNDA:0,(anonymous_246)
FNDA:0,(anonymous_247)
FNDA:0,(anonymous_248)
FNDA:0,(anonymous_249)
FNDA:0,(anonymous_250)
FNDA:0,(anonymous_251)
FNDA:0,(anonymous_252)
FNDA:0,(anonymous_253)
FNDA:0,(anonymous_254)
FNDA:0,(anonymous_255)
FNDA:0,(anonymous_256)
FNDA:0,(anonymous_257)
FNDA:0,(anonymous_258)
FNDA:0,(anonymous_259)
FNDA:0,(anonymous_260)
FNDA:0,(anonymous_261)
FNDA:0,(anonymous_262)
FNDA:0,(anonymous_263)
FNDA:0,(anonymous_264)
FNDA:0,(anonymous_265)
FNDA:0,(anonymous_266)
FNDA:0,(anonymous_267)
FNDA:0,(anonymous_268)
FNDA:0,(anonymous_269)
FNDA:0,(anonymous_270)
FNDA:0,(anonymous_271)
FNDA:0,(anonymous_272)
FNDA:0,(anonymous_273)
FNDA:0,(anonymous_274)
FNDA:0,(anonymous_275)
FNDA:0,(anonymous_276)
FNDA:0,(anonymous_277)
FNDA:0,(anonymous_278)
FNDA:0,(anonymous_279)
FNDA:0,(anonymous_280)
FNDA:0,(anonymous_281)
FNDA:0,(anonymous_282)
FNDA:0,(anonymous_283)
FNDA:0,(anonymous_284)
FNDA:0,(anonymous_285)
FNDA:0,(anonymous_286)
FNDA:0,(anonymous_287)
FNDA:0,(anonymous_288)
FNDA:0,(anonymous_289)
FNDA:0,(anonymous_290)
FNDA:0,(anonymous_291)
FNDA:0,(anonymous_292)
FNDA:0,(anonymous_293)
FNDA:0,(anonymous_294)
FNDA:0,(anonymous_295)
FNDA:0,(anonymous_296)
FNDA:0,(anonymous_297)
FNDA:0,(anonymous_298)
FNDA:0,(anonymous_299)
FNDA:0,(anonymous_300)
FNDA:0,(anonymous_301)
FNDA:0,(anonymous_302)
FNDA:0,(anonymous_303)
FNDA:0,(anonymous_304)
FNDA:0,(anonymous_305)
FNDA:0,(anonymous_306)
FNDA:0,(anonymous_307)
FNDA:0,(anonymous_308)
FNDA:15,(anonymous_309)
FNDA:0,(anonymous_310)
FNDA:0,(anonymous_311)
FNDA:0,(anonymous_312)
FNDA:0,(anonymous_313)
FNDA:0,(anonymous_314)
FNDA:0,(anonymous_315)
FNDA:0,(anonymous_316)
FNDA:0,(anonymous_317)
FNDA:0,(anonymous_318)
FNDA:0,(anonymous_319)
FNDA:0,(anonymous_320)
FNDA:0,(anonymous_321)
FNDA:0,(anonymous_322)
FNDA:0,(anonymous_323)
FNDA:0,(anonymous_324)
FNDA:0,(anonymous_325)
FNDA:0,(anonymous_326)
FNDA:0,(anonymous_327)
FNDA:0,(anonymous_328)
FNDA:0,(anonymous_329)
FNDA:0,(anonymous_330)
FNDA:0,(anonymous_331)
FNDA:0,(anonymous_332)
FNDA:0,(anonymous_333)
FNDA:0,(anonymous_334)
FNDA:0,(anonymous_335)
FNDA:0,(anonymous_336)
FNDA:0,(anonymous_337)
FNDA:0,(anonymous_338)
FNDA:0,(anonymous_339)
FNDA:0,(anonymous_340)
FNDA:0,(anonymous_341)
FNDA:0,(anonymous_342)
FNDA:0,(anonymous_343)
FNDA:0,(anonymous_344)
FNDA:0,(anonymous_345)
FNDA:0,(anonymous_346)
FNDA:0,(anonymous_347)
FNDA:0,(anonymous_348)
FNDA:0,(anonymous_349)
FNDA:0,(anonymous_350)
FNDA:0,(anonymous_351)
FNDA:0,(anonymous_352)
FNDA:0,(anonymous_353)
FNDA:0,(anonymous_354)
FNDA:0,(anonymous_355)
FNDA:0,(anonymous_356)
FNDA:0,(anonymous_357)
FNDA:0,(anonymous_358)
FNDA:0,(anonymous_359)
FNDA:0,(anonymous_360)
FNDA:0,(anonymous_361)
FNDA:0,(anonymous_362)
FNDA:0,(anonymous_363)
FNDA:0,(anonymous_364)
FNDA:0,(anonymous_365)
FNDA:0,(anonymous_366)
FNDA:0,(anonymous_367)
FNDA:0,(anonymous_368)
FNDA:0,(anonymous_369)
FNDA:0,(anonymous_370)
FNDA:0,(anonymous_371)
FNDA:0,(anonymous_372)
FNDA:0,(anonymous_373)
FNDA:0,(anonymous_374)
FNDA:0,(anonymous_375)
FNDA:0,(anonymous_376)
FNDA:0,(anonymous_377)
FNDA:0,(anonymous_378)
FNDA:0,(anonymous_379)
FNDA:0,(anonymous_380)
FNDA:0,(anonymous_381)
FNDA:0,(anonymous_382)
FNDA:0,(anonymous_383)
FNDA:0,(anonymous_384)
FNDA:0,(anonymous_385)
FNDA:0,(anonymous_386)
FNDA:0,(anonymous_387)
FNDA:0,(anonymous_388)
FNDA:0,(anonymous_389)
FNDA:0,(anonymous_390)
FNDA:0,(anonymous_391)
FNDA:0,(anonymous_392)
FNDA:0,(anonymous_393)
FNDA:0,(anonymous_394)
FNDA:0,(anonymous_395)
FNDA:0,(anonymous_396)
FNDA:0,(anonymous_397)
FNDA:0,(anonymous_398)
FNDA:0,(anonymous_399)
FNDA:0,(anonymous_400)
FNDA:0,(anonymous_401)
FNDA:0,(anonymous_402)
FNDA:0,(anonymous_403)
FNDA:0,(anonymous_404)
FNDA:0,(anonymous_405)
FNDA:0,(anonymous_406)
FNDA:0,(anonymous_407)
FNDA:0,(anonymous_408)
FNDA:0,(anonymous_409)
FNDA:0,(anonymous_410)
FNDA:0,(anonymous_411)
FNDA:0,(anonymous_412)
FNDA:0,(anonymous_413)
FNDA:0,(anonymous_414)
FNDA:0,(anonymous_415)
FNDA:0,(anonymous_416)
FNDA:0,(anonymous_417)
FNDA:0,(anonymous_418)
FNDA:0,(anonymous_419)
FNDA:0,(anonymous_420)
FNDA:0,(anonymous_421)
FNDA:0,(anonymous_422)
FNDA:0,(anonymous_423)
FNDA:0,(anonymous_424)
FNDA:0,(anonymous_425)
FNDA:0,(anonymous_426)
FNDA:0,(anonymous_427)
FNDA:0,(anonymous_428)
FNDA:0,(anonymous_429)
FNDA:0,(anonymous_430)
FNDA:0,(anonymous_431)
FNDA:0,(anonymous_432)
FNDA:15,(anonymous_433)
FNDA:0,(anonymous_434)
FNDA:0,(anonymous_435)
FNDA:0,(anonymous_436)
FNDA:0,(anonymous_437)
FNDA:0,(anonymous_438)
FNDA:0,(anonymous_439)
FNDA:0,(anonymous_440)
FNDA:0,(anonymous_441)
FNDA:0,(anonymous_442)
FNDA:0,(anonymous_443)
FNDA:0,(anonymous_444)
FNDA:0,(anonymous_445)
FNDA:0,(anonymous_446)
FNDA:0,(anonymous_447)
FNDA:0,(anonymous_448)
FNDA:0,(anonymous_449)
FNDA:0,(anonymous_450)
FNDA:0,(anonymous_451)
FNDA:0,(anonymous_452)
FNDA:0,(anonymous_453)
FNDA:0,(anonymous_454)
FNDA:0,(anonymous_455)
FNDA:0,(anonymous_456)
FNDA:0,(anonymous_457)
FNDA:0,(anonymous_458)
FNDA:0,(anonymous_459)
FNDA:0,(anonymous_460)
FNDA:0,(anonymous_461)
FNDA:0,(anonymous_462)
FNDA:0,(anonymous_463)
FNDA:0,(anonymous_464)
FNDA:0,(anonymous_465)
FNDA:0,(anonymous_466)
FNDA:0,(anonymous_467)
FNDA:0,(anonymous_468)
FNDA:0,(anonymous_469)
FNDA:0,(anonymous_470)
FNDA:0,(anonymous_471)
FNDA:0,(anonymous_472)
FNDA:0,(anonymous_473)
FNDA:0,(anonymous_474)
FNDA:0,(anonymous_475)
FNDA:0,(anonymous_476)
FNDA:0,(anonymous_477)
FNDA:0,(anonymous_478)
FNDA:0,(anonymous_479)
FNDA:0,(anonymous_480)
FNDA:0,(anonymous_481)
FNDA:0,(anonymous_482)
FNDA:0,(anonymous_483)
FNDA:0,(anonymous_484)
FNDA:0,(anonymous_485)
FNDA:0,(anonymous_486)
FNDA:0,(anonymous_487)
FNDA:0,(anonymous_488)
FNDA:0,(anonymous_489)
FNDA:0,(anonymous_490)
FNDA:0,(anonymous_491)
FNDA:0,(anonymous_492)
FNDA:0,(anonymous_493)
FNDA:0,(anonymous_494)
FNDA:0,(anonymous_495)
FNDA:0,(anonymous_496)
FNDA:0,(anonymous_497)
FNDA:0,(anonymous_498)
FNDA:0,(anonymous_499)
FNDA:0,(anonymous_500)
FNDA:0,(anonymous_501)
FNDA:0,(anonymous_502)
FNDA:0,(anonymous_503)
FNDA:0,(anonymous_504)
FNDA:0,(anonymous_505)
FNDA:0,(anonymous_506)
FNDA:0,(anonymous_507)
FNDA:0,(anonymous_508)
FNDA:0,(anonymous_509)
FNDA:0,(anonymous_510)
FNDA:0,(anonymous_511)
FNDA:0,(anonymous_512)
FNDA:0,(anonymous_513)
FNDA:0,(anonymous_514)
FNDA:0,(anonymous_515)
FNDA:0,(anonymous_516)
FNDA:0,(anonymous_517)
FNDA:0,(anonymous_518)
FNDA:0,(anonymous_519)
FNDA:0,(anonymous_520)
FNDA:0,(anonymous_521)
FNDA:0,(anonymous_522)
FNDA:0,(anonymous_523)
FNDA:0,(anonymous_524)
FNDA:0,(anonymous_525)
FNDA:0,(anonymous_526)
FNDA:0,(anonymous_527)
FNDA:0,(anonymous_528)
FNDA:0,(anonymous_529)
FNDA:0,(anonymous_530)
FNDA:0,(anonymous_531)
FNDA:0,(anonymous_532)
FNDA:0,(anonymous_533)
FNDA:15,(anonymous_534)
FNDA:15,(anonymous_535)
FNDA:0,(anonymous_536)
FNDA:0,(anonymous_537)
FNDA:0,(anonymous_538)
FNDA:0,(anonymous_539)
FNDA:0,(anonymous_540)
FNDA:0,(anonymous_541)
FNDA:0,(anonymous_542)
FNDA:0,(anonymous_543)
FNDA:0,(anonymous_544)
FNDA:0,(anonymous_545)
FNDA:0,(anonymous_546)
FNDA:0,(anonymous_547)
FNDA:0,(anonymous_548)
FNDA:0,(anonymous_549)
FNDA:0,(anonymous_550)
FNDA:0,(anonymous_551)
FNDA:0,(anonymous_552)
FNDA:0,(anonymous_553)
FNDA:0,(anonymous_554)
FNDA:0,(anonymous_555)
FNDA:0,(anonymous_556)
FNDA:0,(anonymous_557)
FNDA:0,(anonymous_558)
FNDA:6,(anonymous_559)
FNDA:0,(anonymous_560)
DA:3,15
DA:30,15
DA:33,15
DA:34,30
DA:37,15
DA:46,15
DA:52,0
DA:53,0
DA:62,0
DA:63,0
DA:64,0
DA:65,0
DA:67,0
DA:68,0
DA:73,0
DA:74,0
DA:75,0
DA:76,0
DA:78,0
DA:82,0
DA:86,0
DA:87,0
DA:88,0
DA:95,0
DA:96,0
DA:100,0
DA:101,0
DA:102,0
DA:103,0
DA:104,0
DA:109,0
DA:110,0
DA:111,0
DA:115,0
DA:119,0
DA:120,0
DA:129,0
DA:130,0
DA:131,0
DA:136,15
DA:137,15
DA:141,0
DA:150,0
DA:151,0
DA:152,0
DA:153,0
DA:157,0
DA:158,0
DA:160,0
DA:165,15
DA:171,15
DA:172,15
DA:173,15
DA:177,0
DA:178,0
DA:181,0
DA:182,0
DA:183,0
DA:185,0
DA:186,0
DA:187,0
DA:188,0
DA:193,0
DA:197,0
DA:201,0
DA:205,0
DA:206,0
DA:211,15
DA:213,0
DA:214,0
DA:215,0
DA:216,0
DA:218,0
DA:219,0
DA:220,0
DA:221,0
DA:223,0
DA:231,0
DA:232,0
DA:236,0
DA:240,0
DA:241,0
DA:242,0
DA:243,0
DA:244,0
DA:245,0
DA:247,0
DA:249,0
DA:250,0
DA:255,15
DA:260,0
DA:261,0
DA:265,0
DA:269,0
DA:273,0
DA:274,0
DA:278,0
DA:279,0
DA:283,0
DA:284,0
DA:285,0
DA:290,15
DA:294,0
DA:299,0
DA:300,0
DA:304,0
DA:308,0
DA:313,0
DA:314,0
DA:315,0
DA:319,0
DA:320,0
DA:321,0
DA:323,0
DA:328,15
DA:332,0
DA:338,0
DA:339,0
DA:343,0
DA:347,0
DA:348,0
DA:349,0
DA:351,0
DA:355,0
DA:360,15
DA:369,0
DA:370,0
DA:374,0
DA:375,0
DA:379,0
DA:380,0
DA:384,0
DA:386,0
DA:391,15
DA:396,0
DA:397,0
DA:401,0
DA:402,0
DA:406,0
DA:410,0
DA:411,0
DA:412,0
DA:413,0
DA:418,0
DA:419,0
DA:420,0
DA:421,0
DA:426,0
DA:427,0
DA:434,0
DA:435,0
DA:440,15
DA:443,15
DA:444,0
DA:451,0
DA:452,0
DA:479,15
DA:480,15
DA:481,15
DA:482,15
DA:483,15
DA:484,15
DA:485,15
DA:486,15
DA:487,15
DA:488,15
DA:489,15
DA:490,15
DA:491,15
DA:492,15
DA:493,15
DA:494,15
DA:495,15
DA:496,15
DA:497,15
DA:498,15
DA:499,15
DA:500,15
DA:501,15
DA:502,15
DA:503,15
DA:504,15
DA:505,15
DA:506,15
DA:507,15
DA:508,15
DA:509,15
DA:510,15
DA:519,15
DA:520,15
DA:521,15
DA:522,15
DA:523,15
DA:524,15
DA:525,15
DA:543,15
DA:544,15
DA:545,15
DA:546,15
DA:547,15
DA:548,15
DA:549,15
DA:550,15
DA:551,15
DA:552,15
DA:553,15
DA:554,15
DA:555,15
DA:556,15
DA:557,15
DA:558,15
DA:559,15
DA:562,15
DA:563,15
DA:564,15
DA:565,15
DA:566,15
DA:567,15
DA:568,15
DA:569,15
DA:570,15
DA:571,15
DA:572,15
DA:573,15
DA:574,15
DA:575,15
DA:576,15
DA:577,15
DA:578,15
DA:579,15
DA:580,15
DA:581,15
DA:582,15
DA:583,15
DA:584,15
DA:585,15
DA:586,15
DA:587,15
DA:588,15
DA:589,15
DA:590,15
DA:592,15
DA:593,15
DA:594,15
DA:595,15
DA:596,15
DA:597,15
DA:599,15
DA:600,15
DA:601,15
DA:608,15
DA:609,15
DA:610,15
DA:611,15
DA:612,15
DA:613,15
DA:614,15
DA:615,15
DA:616,15
DA:617,15
DA:620,15
DA:621,15
DA:624,15
DA:625,15
DA:626,15
DA:627,15
DA:628,15
DA:631,15
DA:632,15
DA:633,15
DA:634,15
DA:635,15
DA:636,15
DA:637,15
DA:638,15
DA:639,15
DA:642,15
DA:643,15
DA:646,15
DA:647,15
DA:650,15
DA:651,15
DA:652,15
DA:653,15
DA:662,15
DA:663,15
DA:666,15
DA:667,15
DA:670,15
DA:673,15
DA:674,15
DA:675,15
DA:676,15
DA:677,15
DA:680,15
DA:681,15
DA:684,15
DA:685,15
DA:690,15
DA:692,15
DA:693,15
DA:694,15
DA:695,15
DA:696,15
DA:697,15
DA:698,15
DA:699,15
DA:700,15
DA:701,15
DA:702,15
DA:703,15
DA:704,15
DA:705,15
DA:706,15
DA:709,15
DA:710,15
DA:713,15
DA:714,15
DA:715,15
DA:716,15
DA:719,15
DA:720,15
DA:721,15
DA:722,15
DA:724,15
DA:725,0
DA:726,0
DA:727,0
DA:729,0
DA:733,15
DA:734,0
DA:735,0
DA:736,0
DA:738,0
DA:743,15
DA:744,15
DA:745,0
DA:747,15
DA:748,0
DA:750,0
DA:751,0
DA:752,0
DA:758,15
DA:759,0
DA:760,0
DA:761,0
DA:766,15
DA:767,15
DA:768,15
DA:769,15
DA:770,0
DA:771,0
DA:774,0
DA:781,0
DA:786,15
DA:792,0
DA:800,0
DA:808,0
DA:816,0
DA:824,0
DA:832,0
DA:840,0
DA:848,0
DA:856,0
DA:864,0
DA:872,0
DA:885,0
DA:898,0
DA:899,0
DA:907,0
DA:908,0
DA:916,0
DA:917,0
DA:925,0
DA:926,0
DA:934,0
DA:935,0
DA:943,0
DA:956,0
DA:964,0
DA:972,0
DA:980,0
DA:1088,15
DA:1089,0
DA:1094,15
DA:1095,0
DA:1098,15
DA:1099,0
DA:1111,15
DA:1112,15
DA:1113,2
DA:1114,15
DA:1117,15
DA:1118,0
DA:1119,0
DA:1122,0
DA:1123,0
DA:1126,0
DA:1127,0
DA:1128,0
DA:1129,0
DA:1133,0
DA:1141,0
DA:1144,0
DA:1145,0
DA:1149,0
DA:1150,0
DA:1152,0
DA:1159,0
DA:1164,15
DA:1165,0
DA:1166,0
DA:1169,0
DA:1170,0
DA:1174,0
DA:1175,0
DA:1176,0
DA:1177,0
DA:1182,15
DA:1183,0
DA:1184,0
DA:1185,0
DA:1186,0
DA:1188,0
DA:1195,0
DA:1201,15
DA:1202,0
DA:1203,0
DA:1204,0
DA:1205,0
DA:1206,0
DA:1207,0
DA:1209,0
DA:1210,0
DA:1211,0
DA:1217,15
DA:1218,15
DA:1219,15
DA:1220,15
DA:1221,0
DA:1224,0
DA:1231,0
DA:1236,15
DA:1237,0
DA:1241,15
DA:1242,0
DA:1243,0
DA:1244,0
DA:1249,15
DA:1250,0
DA:1251,0
DA:1252,0
DA:1254,0
DA:1255,0
DA:1257,0
DA:1258,0
DA:1260,0
DA:1261,0
DA:1263,0
DA:1264,0
DA:1267,0
DA:1276,15
DA:1277,0
DA:1278,0
DA:1279,0
DA:1304,0
DA:1305,0
DA:1307,0
DA:1308,0
DA:1309,0
DA:1310,0
DA:1311,0
DA:1312,0
DA:1314,0
DA:1315,0
DA:1316,0
DA:1317,0
DA:1321,0
DA:1328,0
DA:1329,0
DA:1330,0
DA:1332,0
DA:1337,15
DA:1338,0
DA:1339,0
DA:1342,0
DA:1343,0
DA:1344,0
DA:1353,0
DA:1354,0
DA:1355,0
DA:1356,0
DA:1359,0
DA:1362,0
DA:1363,0
DA:1364,0
DA:1367,0
DA:1374,0
DA:1375,0
DA:1376,0
DA:1378,0
DA:1383,15
DA:1384,0
DA:1385,0
DA:1388,0
DA:1389,0
DA:1390,0
DA:1399,0
DA:1401,0
DA:1402,0
DA:1403,0
DA:1406,0
DA:1409,0
DA:1410,0
DA:1411,0
DA:1414,0
DA:1421,0
DA:1422,0
DA:1423,0
DA:1425,0
DA:1430,15
DA:1431,0
DA:1432,0
DA:1435,0
DA:1436,0
DA:1437,0
DA:1446,0
DA:1447,0
DA:1448,0
DA:1451,0
DA:1474,0
DA:1475,0
DA:1476,0
DA:1478,0
DA:1480,0
DA:1481,0
DA:1482,0
DA:1485,0
DA:1486,0
DA:1487,0
DA:1488,0
DA:1489,0
DA:1490,0
DA:1491,0
DA:1492,0
DA:1493,0
DA:1494,0
DA:1495,0
DA:1496,0
DA:1499,0
DA:1500,0
DA:1511,0
DA:1512,0
DA:1513,0
DA:1517,0
DA:1518,0
DA:1520,0
DA:1521,0
DA:1524,0
DA:1531,0
DA:1532,0
DA:1533,0
DA:1535,0
DA:1540,15
DA:1541,0
DA:1542,0
DA:1545,0
DA:1546,0
DA:1547,0
DA:1556,0
DA:1557,0
DA:1560,0
DA:1562,0
DA:1564,0
DA:1565,0
DA:1568,0
DA:1575,0
DA:1576,0
DA:1577,0
DA:1579,0
DA:1584,15
DA:1585,1
DA:1586,0
DA:1589,1
DA:1590,1
DA:1591,1
DA:1600,1
DA:1601,1
DA:1604,1
DA:1606,1
DA:1608,1
DA:1609,1
DA:1610,1
DA:1613,0
DA:1620,0
DA:1621,0
DA:1622,0
DA:1624,1
DA:1629,15
DA:1630,1
DA:1631,0
DA:1634,1
DA:1635,1
DA:1652,1
DA:1656,1
DA:1657,1
DA:1658,1
DA:1660,0
DA:1667,0
DA:1668,0
DA:1669,0
DA:1674,15
DA:1675,2
DA:1676,0
DA:1679,2
DA:1681,2
DA:1683,1
DA:1684,1
DA:1686,1
DA:1687,1
DA:1692,15
DA:1693,0
DA:1694,0
DA:1698,15
DA:1699,1
DA:1700,0
DA:1703,1
DA:1704,1
DA:1706,1
DA:1707,1
DA:1708,1
DA:1711,1
DA:1713,1
DA:1715,0
DA:1716,0
DA:1717,0
DA:1720,1
DA:1721,1
DA:1728,1
DA:1730,0
DA:1735,0
DA:1738,0
DA:1739,0
DA:1755,0
DA:1759,1
DA:1760,1
DA:1779,1
DA:1783,1
DA:1784,1
DA:1785,1
DA:1787,0
DA:1794,0
DA:1795,0
DA:1796,0
DA:1797,0
DA:1799,1
DA:1804,15
DA:1805,1
DA:1806,1
DA:1809,15
DA:1810,1
DA:1811,0
DA:1814,1
DA:1815,1
DA:1816,1
DA:1820,1
DA:1824,1
DA:1825,1
DA:1826,1
DA:1827,1
DA:1830,1
DA:1837,1
DA:1838,1
DA:1839,1
DA:1843,15
DA:1844,4
DA:1847,15
DA:1848,0
DA:1849,0
DA:1850,0
DA:1875,0
DA:1876,0
DA:1878,0
DA:1879,0
DA:1880,0
DA:1882,0
DA:1883,0
DA:1884,0
DA:1885,0
DA:1886,0
DA:1888,0
DA:1895,0
DA:1896,0
DA:1897,0
DA:1898,0
DA:1899,0
DA:1901,0
DA:1902,0
DA:1903,0
DA:1904,0
DA:1905,0
DA:1906,0
DA:1907,0
DA:1908,0
DA:1909,0
DA:1910,0
DA:1911,0
DA:1913,0
DA:1914,0
DA:1915,0
DA:1916,0
DA:1919,0
DA:1922,0
DA:1929,0
DA:1930,0
DA:1931,0
DA:1933,0
DA:1937,15
DA:1938,0
DA:1939,0
DA:1940,0
DA:1942,0
DA:1943,0
DA:1944,0
DA:1946,0
DA:1949,15
DA:1950,0
DA:1951,0
DA:1952,0
DA:1953,0
DA:1955,0
DA:1962,0
DA:1963,0
DA:1964,0
DA:1968,15
DA:1969,0
DA:1970,0
DA:1973,15
DA:1974,15
DA:1997,0
DA:2000,1
DA:2001,1
DA:2002,1
DA:2004,1
DA:2007,33
DA:2008,1
DA:2009,1
DA:2012,1
DA:2015,6
DA:2016,1
DA:2019,1
DA:2020,1
DA:2023,1
DA:2024,1
DA:2027,1
DA:2028,0
DA:2030,1
DA:2031,0
DA:2032,0
DA:2035,0
DA:2042,0
DA:2046,1
DA:2049,1
DA:2052,0
DA:2055,0
DA:2058,15
DA:2062,15
DA:2065,15
DA:2066,15
DA:2067,15
DA:2068,15
DA:2069,15
DA:2070,15
DA:2072,15
DA:2074,0
DA:2081,0
DA:2084,15
DA:2086,15
DA:2088,0
DA:2095,0
DA:2099,15
DA:2100,15
DA:2106,15
DA:2107,15
DA:2108,15
DA:2111,15
DA:2112,15
DA:2113,15
DA:2115,0
DA:2122,0
DA:2126,15
DA:2127,15
DA:2129,0
DA:2136,0
DA:2140,15
DA:2141,15
DA:2142,15
DA:2143,0
DA:2146,0
DA:2153,0
DA:2157,15
DA:2158,15
DA:2160,0
DA:2167,0
DA:2171,15
DA:2172,15
DA:2174,0
DA:2181,0
DA:2185,15
DA:2186,15
DA:2188,15
DA:2189,0
DA:2190,0
DA:2192,0
DA:2193,0
DA:2201,0
DA:2202,0
DA:2203,0
DA:2204,0
DA:2209,15
DA:2211,0
DA:2212,0
DA:2213,0
DA:2216,0
DA:2217,0
DA:2218,0
DA:2221,0
DA:2222,0
DA:2223,0
DA:2226,0
DA:2227,0
DA:2228,0
DA:2231,0
DA:2232,0
DA:2233,0
DA:2236,0
DA:2237,0
DA:2238,0
DA:2241,0
DA:2242,0
DA:2243,0
DA:2246,0
DA:2247,0
DA:2248,0
DA:2251,0
DA:2252,0
DA:2253,0
DA:2256,0
DA:2257,0
DA:2258,0
DA:2261,0
DA:2262,0
DA:2263,0
DA:2266,0
DA:2267,0
DA:2268,0
DA:2271,0
DA:2272,0
DA:2273,0
DA:2276,0
DA:2277,0
DA:2278,0
DA:2281,0
DA:2282,0
DA:2283,0
DA:2286,0
DA:2287,0
DA:2288,0
DA:2291,0
DA:2292,0
DA:2293,0
DA:2296,0
DA:2297,0
DA:2298,0
DA:2301,0
DA:2302,0
DA:2303,0
DA:2306,0
DA:2307,0
DA:2308,0
DA:2311,0
DA:2312,0
DA:2313,0
DA:2314,0
DA:2316,0
DA:2317,0
DA:2319,0
DA:2320,0
DA:2325,15
DA:2327,15
DA:2328,0
DA:2329,0
DA:2330,0
DA:2331,0
DA:2333,0
DA:2334,0
DA:2336,0
DA:2337,0
DA:2339,0
DA:2340,0
DA:2344,0
DA:2349,15
DA:2350,0
DA:2357,0
DA:2358,0
DA:2359,0
DA:2361,0
DA:2364,15
DA:2365,0
DA:2368,15
DA:2369,0
DA:2372,15
DA:2373,0
DA:2376,15
DA:2377,0
DA:2378,0
DA:2379,0
DA:2380,0
DA:2389,15
DA:2390,0
DA:2391,0
DA:2392,0
DA:2393,0
DA:2402,15
DA:2403,0
DA:2406,15
DA:2407,0
DA:2410,15
DA:2411,0
DA:2418,15
DA:2419,0
DA:2422,15
DA:2423,0
DA:2426,15
DA:2427,0
DA:2430,15
DA:2431,0
DA:2434,15
DA:2435,0
DA:2439,15
DA:2440,0
DA:2444,15
DA:2445,0
DA:2446,0
DA:2450,15
DA:2451,0
DA:2455,15
DA:2456,0
DA:2457,0
DA:2462,15
DA:2463,0
DA:2464,0
DA:2468,15
DA:2469,0
DA:2472,15
DA:2473,0
DA:2477,15
DA:2478,0
DA:2482,15
DA:2483,0
DA:2487,15
DA:2488,0
DA:2492,15
DA:2493,0
DA:2497,15
DA:2498,0
DA:2502,15
DA:2503,0
DA:2506,15
DA:2507,0
DA:2510,15
DA:2511,0
DA:2515,15
DA:2516,0
DA:2517,0
DA:2519,0
DA:2520,0
DA:2521,0
DA:2522,0
DA:2523,0
DA:2524,0
DA:2525,0
DA:2527,0
DA:2528,0
DA:2534,15
DA:2535,0
DA:2536,0
DA:2537,0
DA:2538,0
DA:2543,15
DA:2544,0
DA:2545,0
DA:2546,0
DA:2549,0
DA:2550,0
DA:2555,0
DA:2557,0
DA:2562,15
DA:2563,0
DA:2564,0
DA:2565,0
DA:2566,0
DA:2569,0
DA:2570,0
DA:2577,0
DA:2583,0
DA:2584,0
DA:2585,0
DA:2586,0
DA:2587,0
DA:2588,0
DA:2590,0
DA:2591,0
DA:2596,15
DA:2597,0
DA:2598,0
DA:2599,0
DA:2600,0
DA:2603,0
DA:2604,0
DA:2610,0
DA:2612,0
DA:2613,0
DA:2614,0
DA:2615,0
DA:2616,0
DA:2617,0
DA:2619,0
DA:2620,0
DA:2625,15
DA:2626,0
DA:2627,0
DA:2629,0
DA:2630,0
DA:2631,0
DA:2632,0
DA:2633,0
DA:2634,0
DA:2635,0
DA:2636,0
DA:2638,0
DA:2639,0
DA:2645,15
DA:2646,0
DA:2647,0
DA:2649,0
DA:2650,0
DA:2651,0
DA:2652,0
DA:2653,0
DA:2656,0
DA:2657,0
DA:2658,0
DA:2662,15
DA:2663,0
DA:2664,0
DA:2665,0
DA:2666,0
DA:2669,0
DA:2670,0
DA:2675,15
DA:2676,0
DA:2679,15
DA:2680,0
DA:2683,15
DA:2684,0
DA:2685,0
DA:2688,0
DA:2690,0
DA:2691,0
DA:2692,0
DA:2694,0
DA:2695,0
DA:2699,0
DA:2700,0
DA:2703,0
DA:2704,0
DA:2705,0
DA:2707,0
DA:2708,0
DA:2709,0
DA:2710,0
DA:2711,0
DA:2716,0
DA:2717,0
DA:2718,0
DA:2719,0
DA:2725,15
DA:2726,0
DA:2727,0
DA:2732,0
DA:2736,15
DA:2737,0
DA:2738,0
DA:2739,0
DA:2746,15
DA:2747,0
DA:2751,15
DA:2752,0
DA:2756,15
DA:2757,0
DA:2758,0
DA:2759,0
DA:2760,0
DA:2762,0
DA:2763,0
DA:2764,0
DA:2765,0
DA:2766,0
DA:2777,0
DA:2778,0
DA:2780,0
DA:2781,0
DA:2787,15
DA:2788,0
DA:2789,0
DA:2790,0
DA:2791,0
DA:2793,0
DA:2794,0
DA:2795,0
DA:2796,0
DA:2797,0
DA:2808,0
DA:2809,0
DA:2811,0
DA:2812,0
DA:2818,15
DA:2819,0
DA:2820,0
DA:2821,0
DA:2822,0
DA:2827,15
DA:2828,0
DA:2832,15
DA:2835,15
DA:2838,15
DA:2839,0
DA:2840,0
DA:2841,0
DA:2842,0
DA:2843,0
DA:2848,15
DA:2849,0
DA:2850,0
DA:2851,0
DA:2852,0
DA:2853,0
DA:2854,0
DA:2856,0
DA:2857,0
DA:2863,15
DA:2864,0
DA:2868,15
DA:2869,15
DA:2870,15
DA:2872,15
DA:2873,0
DA:2874,0
DA:2875,0
DA:2877,0
DA:2878,0
DA:2881,15
DA:2882,0
DA:2883,0
DA:2886,0
DA:2887,0
DA:2889,0
DA:2890,0
DA:2891,0
DA:2894,0
DA:2896,0
DA:2897,0
DA:2898,0
DA:2900,0
DA:2901,0
DA:2902,0
DA:2904,0
DA:2905,0
DA:2906,0
DA:2908,0
DA:2909,0
DA:2910,0
DA:2912,0
DA:2913,0
DA:2915,0
DA:2916,0
DA:2918,0
DA:2919,0
DA:2921,0
DA:2922,0
DA:2925,0
DA:2926,0
DA:2929,15
DA:2930,0
DA:2931,0
DA:2932,0
DA:2937,15
DA:2938,0
DA:2939,0
DA:2943,15
DA:2944,0
DA:2945,0
DA:2948,0
DA:2949,0
DA:2951,0
DA:2952,0
DA:2953,0
DA:2954,0
DA:2958,0
DA:2959,0
DA:2960,0
DA:2963,0
DA:2964,0
DA:2965,0
DA:2966,0
DA:2968,0
DA:2969,0
DA:2974,0
DA:2975,0
DA:2976,0
DA:2977,0
DA:2982,15
DA:2983,0
DA:2984,0
DA:2987,0
DA:2988,0
DA:2990,0
DA:2991,0
DA:2992,0
DA:2993,0
DA:2997,0
DA:2998,0
DA:2999,0
DA:3002,0
DA:3003,0
DA:3004,0
DA:3005,0
DA:3007,0
DA:3008,0
DA:3013,0
DA:3014,0
DA:3015,0
DA:3016,0
DA:3021,15
DA:3022,0
DA:3023,0
DA:3026,0
DA:3027,0
DA:3029,0
DA:3030,0
DA:3031,0
DA:3032,0
DA:3035,0
DA:3036,0
DA:3037,0
DA:3038,0
DA:3040,0
DA:3041,0
DA:3046,0
DA:3047,0
DA:3048,0
DA:3049,0
DA:3054,15
DA:3055,0
DA:3056,0
DA:3059,0
DA:3060,0
DA:3062,0
DA:3063,0
DA:3064,0
DA:3065,0
DA:3069,0
DA:3070,0
DA:3071,0
DA:3074,0
DA:3075,0
DA:3076,0
DA:3077,0
DA:3079,0
DA:3080,0
DA:3085,0
DA:3086,0
DA:3087,0
DA:3088,0
DA:3093,15
DA:3094,0
DA:3095,0
DA:3098,0
DA:3099,0
DA:3101,0
DA:3102,0
DA:3103,0
DA:3104,0
DA:3108,0
DA:3109,0
DA:3110,0
DA:3113,0
DA:3114,0
DA:3115,0
DA:3116,0
DA:3118,0
DA:3119,0
DA:3125,0
DA:3126,0
DA:3127,0
DA:3128,0
DA:3132,15
DA:3133,0
DA:3134,0
DA:3135,0
DA:3138,0
DA:3139,0
DA:3140,0
DA:3141,0
DA:3142,0
DA:3143,0
DA:3146,0
DA:3147,0
DA:3148,0
DA:3150,0
DA:3154,15
DA:3155,0
DA:3156,0
DA:3157,0
DA:3160,0
DA:3161,0
DA:3162,0
DA:3185,0
DA:3186,0
DA:3187,0
DA:3190,0
DA:3191,0
DA:3192,0
DA:3194,0
DA:3198,15
DA:3199,0
DA:3200,0
DA:3201,0
DA:3204,0
DA:3205,0
DA:3206,0
DA:3207,0
DA:3208,0
DA:3211,0
DA:3212,0
DA:3213,0
DA:3215,0
DA:3219,15
DA:3220,0
DA:3221,0
DA:3222,0
DA:3223,0
DA:3224,0
DA:3225,0
DA:3229,15
DA:3230,0
DA:3234,15
DA:3235,0
DA:3236,0
DA:3238,0
DA:3239,0
DA:3240,0
DA:3245,15
DA:3246,0
DA:3247,0
DA:3250,0
DA:3251,0
DA:3252,0
DA:3255,0
DA:3257,0
DA:3258,0
DA:3259,0
DA:3260,0
DA:3261,0
DA:3263,0
DA:3264,0
DA:3265,0
DA:3266,0
DA:3267,0
DA:3269,0
DA:3271,0
DA:3273,0
DA:3274,0
DA:3275,0
DA:3277,0
DA:3278,0
DA:3279,0
DA:3280,0
DA:3281,0
DA:3282,0
DA:3283,0
DA:3284,0
DA:3285,0
DA:3286,0
DA:3288,0
DA:3290,0
DA:3292,0
DA:3293,0
DA:3294,0
DA:3295,0
DA:3296,0
DA:3298,0
DA:3299,0
DA:3302,0
DA:3304,0
DA:3305,0
DA:3307,0
DA:3312,0
DA:3316,15
DA:3317,0
DA:3318,0
DA:3321,0
DA:3322,0
DA:3323,0
DA:3326,0
DA:3328,0
DA:3329,0
DA:3330,0
DA:3331,0
DA:3332,0
DA:3334,0
DA:3335,0
DA:3336,0
DA:3337,0
DA:3338,0
DA:3339,0
DA:3342,0
DA:3343,0
DA:3344,0
DA:3345,0
DA:3347,0
DA:3349,0
DA:3351,0
DA:3352,0
DA:3353,0
DA:3355,0
DA:3356,0
DA:3357,0
DA:3358,0
DA:3359,0
DA:3360,0
DA:3361,0
DA:3362,0
DA:3363,0
DA:3364,0
DA:3365,0
DA:3366,0
DA:3369,0
DA:3370,0
DA:3371,0
DA:3372,0
DA:3374,0
DA:3376,0
DA:3378,0
DA:3379,0
DA:3380,0
DA:3381,0
DA:3382,0
DA:3384,0
DA:3385,0
DA:3388,0
DA:3390,0
DA:3391,0
DA:3393,0
DA:3398,0
DA:3402,15
DA:3403,0
DA:3404,0
DA:3407,0
DA:3408,0
DA:3410,0
DA:3411,0
DA:3412,0
DA:3416,15
DA:3417,0
DA:3418,0
DA:3421,0
DA:3422,0
DA:3423,0
DA:3425,0
DA:3426,0
DA:3427,0
DA:3428,0
DA:3429,0
DA:3430,0
DA:3431,0
DA:3435,15
DA:3436,0
DA:3437,0
DA:3446,0
DA:3448,0
DA:3449,0
DA:3450,0
DA:3451,0
DA:3453,0
DA:3456,0
DA:3457,0
DA:3458,0
DA:3463,15
DA:3464,0
DA:3465,0
DA:3467,0
DA:3468,0
DA:3469,0
DA:3470,0
DA:3471,0
DA:3472,0
DA:3473,0
DA:3474,0
DA:3476,0
DA:3477,0
DA:3482,15
DA:3483,0
DA:3484,0
DA:3486,0
DA:3487,0
DA:3488,0
DA:3490,0
DA:3493,0
DA:3495,0
DA:3497,0
DA:3498,0
DA:3499,0
DA:3504,15
DA:3505,0
DA:3506,0
DA:3508,0
DA:3509,0
DA:3510,0
DA:3511,0
DA:3513,0
DA:3514,0
DA:3519,15
DA:3520,0
DA:3521,0
DA:3522,0
DA:3523,0
DA:3524,0
DA:3526,0
DA:3527,0
DA:3530,15
DA:3531,0
DA:3532,0
DA:3534,0
DA:3535,0
DA:3536,0
DA:3538,0
DA:3539,0
DA:3545,15
DA:3546,0
DA:3547,0
DA:3548,0
DA:3549,0
DA:3553,15
DA:3554,0
DA:3555,0
DA:3556,0
DA:3557,0
DA:3561,15
DA:3562,0
DA:3566,15
DA:3567,0
DA:3568,0
DA:3569,0
DA:3570,0
DA:3571,0
DA:3572,0
DA:3574,0
DA:3575,0
DA:3576,0
DA:3579,0
DA:3580,0
DA:3581,0
DA:3582,0
DA:3584,0
DA:3585,0
DA:3588,0
DA:3591,15
DA:3592,0
DA:3593,0
DA:3595,0
DA:3597,0
DA:3598,0
DA:3599,0
DA:3600,0
DA:3602,0
DA:3603,0
DA:3604,0
DA:3605,0
DA:3607,0
DA:3608,0
DA:3611,0
DA:3612,0
DA:3613,0
DA:3618,15
DA:3619,0
DA:3620,0
DA:3622,0
DA:3623,0
DA:3624,0
DA:3625,0
DA:3626,0
DA:3627,0
DA:3629,0
DA:3630,0
DA:3631,0
DA:3635,15
DA:3636,0
DA:3637,0
DA:3639,0
DA:3640,0
DA:3641,0
DA:3643,0
DA:3644,0
DA:3645,0
DA:3650,15
DA:3651,0
DA:3652,0
DA:3653,0
DA:3655,0
DA:3656,0
DA:3657,0
DA:3661,15
DA:3662,0
DA:3663,0
DA:3665,0
DA:3666,0
DA:3667,0
DA:3668,0
DA:3669,0
DA:3670,0
DA:3672,0
DA:3673,0
DA:3674,0
DA:3676,0
DA:3677,0
DA:3678,0
DA:3682,15
DA:3683,0
DA:3684,0
DA:3686,0
DA:3687,0
DA:3688,0
DA:3689,0
DA:3691,0
DA:3692,0
DA:3693,0
DA:3697,15
DA:3698,15
DA:3699,15
DA:3701,0
DA:3705,15
DA:3706,0
DA:3707,0
DA:3709,0
DA:3710,0
DA:3711,0
DA:3727,0
DA:3735,0
DA:3736,0
DA:3737,0
DA:3738,0
DA:3740,0
DA:3741,0
DA:3742,0
DA:3746,15
DA:3747,0
DA:3748,0
DA:3749,0
DA:3750,0
DA:3751,0
DA:3752,0
DA:3754,0
DA:3755,0
DA:3756,0
DA:3761,15
DA:3762,0
DA:3763,0
DA:3764,0
DA:3767,15
DA:3768,0
DA:3769,0
DA:3771,0
DA:3772,0
DA:3773,0
DA:3780,0
DA:3781,0
DA:3782,0
DA:3787,15
DA:3788,0
DA:3789,0
DA:3791,0
DA:3792,0
DA:3793,0
DA:3794,0
DA:3795,0
DA:3796,0
DA:3798,0
DA:3799,0
DA:3800,0
DA:3804,15
DA:3805,0
DA:3806,0
DA:3808,0
DA:3809,0
DA:3810,0
DA:3811,0
DA:3812,0
DA:3813,0
DA:3815,0
DA:3816,0
DA:3817,0
DA:3821,15
DA:3822,0
DA:3823,0
DA:3825,0
DA:3826,0
DA:3827,0
DA:3828,0
DA:3829,0
DA:3830,0
DA:3832,0
DA:3833,0
DA:3836,0
DA:3837,0
DA:3838,0
DA:3842,15
DA:3843,0
DA:3844,0
DA:3846,0
DA:3847,0
DA:3848,0
DA:3849,0
DA:3850,0
DA:3851,0
DA:3853,0
DA:3854,0
DA:3857,0
DA:3858,0
DA:3859,0
DA:3864,15
DA:3865,0
DA:3866,0
DA:3868,0
DA:3869,0
DA:3870,0
DA:3871,0
DA:3872,0
DA:3873,0
DA:3874,0
DA:3875,0
DA:3876,0
DA:3878,0
DA:3879,0
DA:3880,0
DA:3884,15
DA:3885,0
DA:3886,0
DA:3888,0
DA:3889,0
DA:3890,0
DA:3891,0
DA:3892,0
DA:3893,0
DA:3894,0
DA:3896,0
DA:3897,0
DA:3898,0
DA:3903,15
DA:3904,0
DA:3905,0
DA:3907,0
DA:3908,0
DA:3912,0
DA:3913,0
DA:3914,0
DA:3915,0
DA:3917,0
DA:3918,0
DA:3919,0
DA:3924,15
DA:3925,0
DA:3926,0
DA:3928,0
DA:3932,15
DA:3933,0
DA:3934,0
DA:3937,15
DA:3938,0
DA:3939,0
DA:3941,0
DA:3942,0
DA:3949,0
DA:3950,0
DA:3951,0
DA:3952,0
DA:3953,0
DA:3954,0
DA:3955,0
DA:3957,0
DA:3958,0
DA:3959,0
DA:3964,15
DA:3965,0
DA:3966,0
DA:3967,0
DA:3968,0
DA:3970,0
DA:3971,0
DA:3972,0
DA:3976,15
DA:3977,0
DA:3978,0
DA:3980,0
DA:3981,0
DA:3982,0
DA:3983,0
DA:3986,0
DA:3993,0
DA:3994,0
DA:3995,0
DA:3997,0
DA:3998,0
DA:3999,0
DA:4003,15
DA:4004,0
DA:4005,0
DA:4007,0
DA:4008,0
DA:4009,0
DA:4010,0
DA:4011,0
DA:4012,0
DA:4013,0
DA:4014,0
DA:4018,0
DA:4019,0
DA:4020,0
DA:4024,15
DA:4025,0
DA:4026,0
DA:4027,0
DA:4028,0
DA:4029,0
DA:4030,0
DA:4032,0
DA:4033,0
DA:4034,0
DA:4040,15
DA:4041,0
DA:4042,0
DA:4044,0
DA:4045,0
DA:4046,0
DA:4047,0
DA:4048,0
DA:4050,0
DA:4051,0
DA:4052,0
DA:4056,15
DA:4057,0
DA:4058,0
DA:4060,0
DA:4061,0
DA:4062,0
DA:4063,0
DA:4065,0
DA:4066,0
DA:4067,0
DA:4071,15
DA:4072,0
DA:4073,0
DA:4075,0
DA:4076,0
DA:4077,0
DA:4078,0
DA:4080,0
DA:4081,0
DA:4083,0
DA:4084,0
DA:4085,0
DA:4089,15
DA:4090,0
DA:4093,15
DA:4094,0
DA:4095,0
DA:4096,0
DA:4098,0
DA:4099,0
DA:4103,15
DA:4104,0
DA:4108,15
DA:4109,0
DA:4110,0
DA:4111,0
DA:4112,0
DA:4113,0
DA:4114,0
DA:4115,0
DA:4119,15
DA:4120,0
DA:4121,0
DA:4125,15
DA:4126,0
DA:4136,0
DA:4137,0
DA:4138,0
DA:4141,0
DA:4144,0
DA:4147,0
DA:4148,0
DA:4154,15
DA:4155,0
DA:4156,0
DA:4158,0
DA:4159,0
DA:4160,0
DA:4162,0
DA:4163,0
DA:4168,15
DA:4169,0
DA:4172,15
DA:4173,0
DA:4174,0
DA:4178,15
DA:4180,0
DA:4181,0
DA:4185,0
DA:4186,0
DA:4187,0
DA:4190,0
DA:4191,0
DA:4192,0
DA:4193,0
DA:4194,0
DA:4195,0
DA:4197,0
DA:4198,0
DA:4204,15
DA:4205,0
DA:4206,0
DA:4207,0
DA:4208,0
DA:4213,15
DA:4214,0
DA:4217,15
DA:4218,0
DA:4219,0
DA:4220,0
DA:4221,0
DA:4225,15
DA:4227,0
DA:4230,15
DA:4231,0
DA:4232,0
DA:4233,0
DA:4237,15
DA:4238,0
DA:4241,15
DA:4242,0
DA:4243,0
DA:4246,15
DA:4247,0
DA:4250,15
DA:4251,0
DA:4254,15
DA:4255,0
DA:4258,15
DA:4259,0
DA:4262,15
DA:4263,0
DA:4264,0
DA:4266,0
DA:4270,15
DA:4271,0
DA:4272,0
DA:4275,15
DA:4276,0
DA:4277,0
DA:4280,15
DA:4281,0
DA:4282,0
DA:4283,0
DA:4287,15
DA:4288,0
DA:4289,0
DA:4292,15
DA:4293,0
DA:4294,0
DA:4297,15
DA:4298,0
DA:4299,0
DA:4302,15
DA:4303,0
DA:4304,0
DA:4307,15
DA:4308,0
DA:4311,15
DA:4312,0
DA:4315,15
DA:4316,0
DA:4319,15
DA:4320,0
DA:4321,0
DA:4324,15
DA:4325,0
DA:4326,0
DA:4329,15
DA:4330,0
DA:4331,0
DA:4334,15
DA:4335,0
DA:4338,15
DA:4339,0
DA:4342,15
DA:4343,0
DA:4344,0
DA:4345,0
DA:4348,15
DA:4349,0
DA:4352,15
DA:4353,0
DA:4356,15
DA:4357,0
DA:4358,0
DA:4361,15
DA:4362,0
DA:4363,0
DA:4366,15
DA:4367,0
DA:4370,15
DA:4371,0
DA:4374,15
DA:4375,0
DA:4378,15
DA:4379,0
DA:4383,15
DA:4384,0
DA:4385,0
DA:4388,0
DA:4389,0
DA:4390,0
DA:4391,0
DA:4394,0
DA:4397,0
DA:4401,0
DA:4402,0
DA:4404,0
DA:4405,0
DA:4407,0
DA:4412,15
DA:4413,0
DA:4414,0
DA:4415,0
DA:4420,15
DA:4421,0
DA:4422,0
DA:4423,0
DA:4428,15
DA:4429,0
DA:4430,0
DA:4431,0
DA:4436,15
DA:4437,15
DA:4439,15
DA:4441,0
DA:4442,0
DA:4443,0
DA:4444,0
DA:4446,0
DA:4448,0
DA:4453,15
DA:4454,0
DA:4455,0
DA:4456,0
DA:4458,0
DA:4459,0
DA:4463,15
DA:4491,15
DA:4493,0
DA:4494,0
DA:4495,0
DA:4496,0
DA:4497,0
DA:4499,0
DA:4500,0
DA:4501,0
DA:4507,15
DA:4508,0
DA:4512,15
DA:4513,0
DA:4520,15
DA:4521,0
DA:4524,15
DA:4525,0
DA:4526,0
DA:4527,0
DA:4528,0
DA:4529,0
DA:4533,15
DA:4534,0
DA:4535,0
DA:4539,15
DA:4540,0
DA:4541,0
DA:4545,15
DA:4546,0
DA:4549,15
DA:4550,0
DA:4554,15
DA:4555,0
DA:4558,15
DA:4559,0
DA:4562,15
DA:4563,0
DA:4564,0
DA:4566,0
DA:4569,15
DA:4570,0
DA:4573,15
DA:4574,0
DA:4577,15
DA:4578,0
DA:4579,0
DA:4581,0
DA:4582,0
DA:4583,0
DA:4584,0
DA:4586,0
DA:4587,0
DA:4591,15
DA:4592,0
DA:4593,0
DA:4595,0
DA:4596,0
DA:4597,0
DA:4598,0
DA:4605,0
DA:4608,0
DA:4616,0
DA:4617,0
DA:4618,0
DA:4619,0
DA:4623,15
DA:4624,0
DA:4625,0
DA:4626,0
DA:4629,15
DA:4630,0
DA:4631,0
DA:4632,0
DA:4633,0
DA:4638,15
DA:4639,15
DA:4640,15
DA:4641,15
DA:4643,15
DA:4644,0
DA:4647,15
DA:4648,0
DA:4649,0
DA:4651,0
DA:4652,0
DA:4653,0
DA:4657,0
DA:4658,0
DA:4662,0
DA:4663,0
DA:4664,0
DA:4665,0
DA:4669,15
DA:4670,0
DA:4671,0
DA:4672,0
DA:4675,0
DA:4676,0
DA:4677,0
DA:4678,0
DA:4679,0
DA:4680,0
DA:4681,0
DA:4686,15
DA:4687,15
DA:4689,15
DA:4690,0
DA:4693,15
DA:4694,0
DA:4695,0
DA:4697,0
DA:4700,0
DA:4701,0
DA:4702,0
DA:4703,0
DA:4704,0
DA:4705,0
DA:4710,15
DA:4712,15
DA:4713,0
DA:4714,0
DA:4715,0
DA:4719,15
DA:4720,0
DA:4721,0
DA:4723,0
DA:4724,0
DA:4725,0
DA:4727,0
DA:4728,0
DA:4729,0
DA:4730,0
DA:4731,0
DA:4738,0
DA:4741,0
DA:4744,15
DA:4745,0
DA:4746,0
DA:4747,0
DA:4752,15
DA:4753,15
DA:4754,15
DA:4755,15
DA:4757,15
DA:4758,0
DA:4761,15
DA:4762,0
DA:4763,0
DA:4765,0
DA:4767,0
DA:4785,0
DA:4786,0
DA:4787,0
DA:4788,0
DA:4789,0
DA:4793,15
DA:4794,0
DA:4795,0
DA:4796,0
DA:4797,0
DA:4798,0
DA:4799,0
DA:4800,0
DA:4805,15
DA:4806,15
DA:4817,15
DA:4818,0
DA:4821,15
DA:4822,0
DA:4823,0
DA:4824,0
DA:4826,0
DA:4828,0
DA:4831,15
DA:4832,0
DA:4833,0
DA:4834,0
DA:4835,0
DA:4836,0
DA:4838,0
DA:4839,0
DA:4840,0
DA:4844,15
DA:4845,0
DA:4846,0
DA:4847,0
DA:4848,0
DA:4849,0
DA:4851,0
DA:4852,0
DA:4853,0
DA:4858,15
DA:4859,0
DA:4866,0
DA:4867,0
DA:4871,15
DA:4902,15
DA:4903,0
DA:4904,0
DA:4905,0
DA:4906,0
DA:4907,0
DA:4908,0
DA:4909,0
DA:4915,15
DA:4916,0
DA:4917,0
DA:4919,0
DA:4920,0
DA:4921,0
DA:4922,0
DA:4927,0
DA:4928,0
DA:4935,0
DA:4936,0
DA:4941,15
DA:4942,0
DA:4943,0
DA:4945,0
DA:4946,0
DA:4947,0
DA:4950,0
DA:4963,0
DA:4964,0
DA:4965,0
DA:4966,0
DA:4967,0
DA:4973,0
DA:4976,0
DA:4977,0
DA:4978,0
DA:4979,0
DA:4981,0
DA:4985,15
DA:4986,0
DA:4987,0
DA:4989,0
DA:4994,0
DA:4995,0
DA:4998,15
DA:4999,0
DA:5003,15
DA:5004,0
DA:5005,0
DA:5007,0
DA:5008,0
DA:5009,0
DA:5010,0
DA:5012,0
DA:5017,0
DA:5018,0
DA:5022,15
DA:5023,0
DA:5027,15
DA:5028,0
DA:5029,0
DA:5031,0
DA:5032,0
DA:5033,0
DA:5034,0
DA:5035,0
DA:5037,0
DA:5038,0
DA:5042,15
DA:5043,0
DA:5044,0
DA:5048,0
DA:5055,0
DA:5056,0
DA:5057,0
DA:5060,15
DA:5061,0
DA:5062,0
DA:5064,0
DA:5065,0
DA:5066,0
DA:5069,15
DA:5070,0
DA:5071,0
DA:5072,0
DA:5073,0
DA:5077,15
DA:5078,0
DA:5079,0
DA:5082,15
DA:5083,0
DA:5084,0
DA:5085,0
DA:5089,15
DA:5090,0
DA:5091,0
DA:5092,0
DA:5093,0
DA:5094,0
DA:5100,15
DA:5101,0
DA:5102,0
DA:5103,0
DA:5104,0
DA:5105,0
DA:5107,0
DA:5109,0
DA:5115,15
DA:5116,0
DA:5117,0
DA:5118,0
DA:5119,0
DA:5124,15
DA:5125,0
DA:5130,15
DA:5131,0
DA:5132,0
DA:5133,0
DA:5134,0
DA:5135,0
DA:5139,15
DA:5140,0
DA:5143,15
DA:5144,0
DA:5146,0
DA:5147,0
DA:5148,0
DA:5153,0
DA:5154,0
DA:5155,0
DA:5156,0
DA:5157,0
DA:5158,0
DA:5159,0
DA:5160,0
DA:5163,0
DA:5164,0
DA:5168,15
DA:5169,0
DA:5171,0
DA:5172,0
DA:5173,0
DA:5174,0
DA:5179,15
DA:5180,0
DA:5182,0
DA:5183,0
DA:5184,0
DA:5190,15
DA:5191,0
DA:5198,15
DA:5199,0
DA:5203,15
DA:5204,0
DA:5207,15
DA:5208,0
DA:5211,15
DA:5212,0
DA:5216,15
DA:5217,0
DA:5218,0
DA:5219,0
DA:5221,0
DA:5223,0
DA:5225,0
DA:5230,15
DA:5232,0
DA:5234,0
DA:5235,0
DA:5238,0
DA:5240,0
DA:5241,0
DA:5244,0
DA:5245,0
DA:5246,0
DA:5248,0
DA:5249,0
DA:5250,0
DA:5252,0
DA:5253,0
DA:5254,0
DA:5256,0
DA:5257,0
DA:5258,0
DA:5260,0
DA:5262,0
DA:5266,0
DA:5267,0
DA:5268,0
DA:5270,0
DA:5272,0
DA:5274,0
DA:5275,0
DA:5276,0
DA:5278,0
DA:5280,0
DA:5283,0
DA:5286,0
DA:5288,0
DA:5289,0
DA:5290,0
DA:5292,0
DA:5293,0
DA:5294,0
DA:5296,0
DA:5298,0
DA:5299,0
DA:5301,0
DA:5303,0
DA:5307,0
DA:5308,0
DA:5309,0
DA:5311,0
DA:5312,0
DA:5313,0
DA:5315,0
DA:5316,0
DA:5317,0
DA:5319,0
DA:5321,0
DA:5322,0
DA:5324,0
DA:5326,0
DA:5327,0
DA:5330,0
DA:5332,0
DA:5333,0
DA:5335,0
DA:5337,0
DA:5338,0
DA:5342,0
DA:5343,0
DA:5344,0
DA:5346,0
DA:5347,0
DA:5348,0
DA:5350,0
DA:5351,0
DA:5352,0
DA:5354,0
DA:5355,0
DA:5356,0
DA:5360,0
DA:5361,0
DA:5362,0
DA:5364,0
DA:5365,0
DA:5366,0
DA:5368,0
DA:5369,0
DA:5370,0
DA:5372,0
DA:5373,0
DA:5374,0
DA:5376,0
DA:5377,0
DA:5378,0
DA:5380,0
DA:5381,0
DA:5382,0
DA:5386,0
DA:5387,0
DA:5388,0
DA:5390,0
DA:5391,0
DA:5392,0
DA:5396,0
DA:5397,0
DA:5398,0
DA:5400,0
DA:5402,0
DA:5406,0
DA:5407,0
DA:5408,0
DA:5412,0
DA:5413,0
DA:5414,0
DA:5418,0
DA:5420,0
DA:5421,0
DA:5425,0
DA:5426,0
DA:5427,0
DA:5431,0
DA:5432,0
DA:5433,0
DA:5436,0
DA:5441,15
DA:5442,0
DA:5443,0
DA:5445,0
DA:5446,0
DA:5447,0
DA:5449,0
DA:5450,0
DA:5451,0
DA:5453,0
DA:5455,0
DA:5457,0
DA:5459,0
DA:5460,0
DA:5462,0
DA:5464,0
DA:5466,0
DA:5468,0
DA:5469,0
DA:5472,0
DA:5477,15
DA:5478,15
DA:5479,15
DA:5483,15
DA:5484,15
DA:5485,15
DA:5489,15
DA:5490,0
DA:5491,0
DA:5492,0
DA:5495,15
DA:5496,0
DA:5500,15
DA:5501,0
DA:5502,0
DA:5507,50
DA:5510,2
DA:5515,0
DA:5613,2
DA:5617,0
DA:5624,0
DA:5631,0
DA:5638,0
DA:5645,0
DA:5652,0
DA:5659,2
DA:5741,2
DA:5742,2
DA:5743,0
DA:5750,0
DA:5791,2
DA:5792,2
DA:5793,2
DA:5794,0
DA:5797,0
DA:5800,0
DA:5803,0
DA:5821,2
DA:5822,0
DA:5825,0
DA:5828,0
DA:6227,2
DA:6228,2
DA:6247,2
DA:6248,0
DA:6251,0
DA:6681,2
DA:6686,2
DA:6688,2
DA:6735,2
DA:6736,2
DA:6742,2
DA:6749,0
DA:6750,2
DA:6751,2
DA:6753,0
DA:6760,2
DA:6761,2
DA:6762,6
DA:6766,0
DA:6777,2
DA:6780,2
LF:2643
LH:631
BRDA:34,0,0,30
BRDA:34,0,1,30
BRDA:74,1,0,0
BRDA:74,1,1,0
BRDA:87,2,0,0
BRDA:87,2,1,0
BRDA:101,3,0,0
BRDA:101,3,1,0
BRDA:119,4,0,0
BRDA:119,4,1,0
BRDA:137,5,0,15
BRDA:137,5,1,0
BRDA:157,6,0,0
BRDA:157,6,1,0
BRDA:177,7,0,0
BRDA:177,7,1,0
BRDA:187,8,0,0
BRDA:187,8,1,0
BRDA:187,9,0,0
BRDA:187,9,1,0
BRDA:220,10,0,0
BRDA:220,10,1,0
BRDA:244,11,0,0
BRDA:244,11,1,0
BRDA:244,12,0,0
BRDA:244,12,1,0
BRDA:334,13,0,0
BRDA:334,13,1,0
BRDA:335,14,0,0
BRDA:335,14,1,0
BRDA:336,15,0,0
BRDA:336,15,1,0
BRDA:375,16,0,0
BRDA:375,16,1,0
BRDA:411,17,0,0
BRDA:411,17,1,0
BRDA:419,18,0,0
BRDA:419,18,1,0
BRDA:425,19,0,0
BRDA:426,20,0,0
BRDA:426,20,1,0
BRDA:726,21,0,0
BRDA:726,21,1,0
BRDA:735,22,0,0
BRDA:735,22,1,0
BRDA:744,23,0,0
BRDA:744,23,1,15
BRDA:748,24,0,0
BRDA:748,24,1,0
BRDA:750,25,0,0
BRDA:750,25,1,0
BRDA:759,26,0,0
BRDA:759,26,1,0
BRDA:769,27,0,0
BRDA:769,27,1,15
BRDA:769,28,0,15
BRDA:769,28,1,0
BRDA:1088,29,0,0
BRDA:1089,30,0,0
BRDA:1089,30,1,0
BRDA:1117,31,0,0
BRDA:1118,32,0,0
BRDA:1118,32,1,0
BRDA:1126,33,0,0
BRDA:1126,33,1,0
BRDA:1128,34,0,0
BRDA:1128,34,1,0
BRDA:1144,35,0,0
BRDA:1144,35,1,0
BRDA:1165,36,0,0
BRDA:1165,36,1,0
BRDA:1170,37,0,0
BRDA:1170,37,1,0
BRDA:1171,38,0,0
BRDA:1171,38,1,0
BRDA:1183,39,0,0
BRDA:1183,39,1,0
BRDA:1202,40,0,0
BRDA:1202,40,1,0
BRDA:1220,41,0,0
BRDA:1220,41,1,15
BRDA:1243,42,0,0
BRDA:1243,42,1,0
BRDA:1254,43,0,0
BRDA:1254,43,1,0
BRDA:1257,44,0,0
BRDA:1257,44,1,0
BRDA:1260,45,0,0
BRDA:1260,45,1,0
BRDA:1263,46,0,0
BRDA:1263,46,1,0
BRDA:1304,47,0,0
BRDA:1304,47,1,0
BRDA:1307,48,0,0
BRDA:1307,48,1,0
BRDA:1309,49,0,0
BRDA:1309,49,1,0
BRDA:1311,50,0,0
BRDA:1311,50,1,0
BRDA:1314,51,0,0
BRDA:1314,51,1,0
BRDA:1338,52,0,0
BRDA:1338,52,1,0
BRDA:1353,53,0,0
BRDA:1353,53,1,0
BRDA:1384,54,0,0
BRDA:1384,54,1,0
BRDA:1399,55,0,0
BRDA:1399,55,1,0
BRDA:1431,56,0,0
BRDA:1431,56,1,0
BRDA:1446,57,0,0
BRDA:1446,57,1,0
BRDA:1459,58,0,0
BRDA:1459,58,1,0
BRDA:1481,59,0,0
BRDA:1481,59,1,0
BRDA:1485,60,0,0
BRDA:1485,60,1,0
BRDA:1487,61,0,0
BRDA:1487,61,1,0
BRDA:1489,62,0,0
BRDA:1489,62,1,0
BRDA:1491,63,0,0
BRDA:1491,63,1,0
BRDA:1493,64,0,0
BRDA:1493,64,1,0
BRDA:1495,65,0,0
BRDA:1495,65,1,0
BRDA:1499,66,0,0
BRDA:1499,66,1,0
BRDA:1512,67,0,0
BRDA:1512,67,1,0
BRDA:1512,68,0,0
BRDA:1512,68,1,0
BRDA:1541,69,0,0
BRDA:1541,69,1,0
BRDA:1556,70,0,0
BRDA:1556,70,1,0
BRDA:1585,71,0,0
BRDA:1585,71,1,1
BRDA:1600,72,0,1
BRDA:1600,72,1,0
BRDA:1630,73,0,0
BRDA:1630,73,1,1
BRDA:1675,74,0,0
BRDA:1675,74,1,2
BRDA:1681,75,0,1
BRDA:1681,75,1,1
BRDA:1693,76,0,0
BRDA:1693,76,1,0
BRDA:1699,77,0,0
BRDA:1699,77,1,1
BRDA:1713,78,0,0
BRDA:1713,78,1,1
BRDA:1728,79,0,0
BRDA:1728,79,1,0
BRDA:1728,80,0,1
BRDA:1728,80,1,0
BRDA:1738,81,0,0
BRDA:1738,81,1,0
BRDA:1748,82,0,0
BRDA:1748,82,1,0
BRDA:1784,83,0,1
BRDA:1784,83,1,0
BRDA:1810,84,0,0
BRDA:1810,84,1,1
BRDA:1815,85,0,1
BRDA:1815,85,1,0
BRDA:1875,86,0,0
BRDA:1875,86,1,0
BRDA:1878,87,0,0
BRDA:1878,87,1,0
BRDA:1901,88,0,0
BRDA:1901,88,1,0
BRDA:1906,89,0,0
BRDA:1906,89,1,0
BRDA:1939,90,0,0
BRDA:1939,90,1,0
BRDA:1943,91,0,0
BRDA:1943,91,1,0
BRDA:2027,92,0,0
BRDA:2027,92,1,1
BRDA:2067,93,0,15
BRDA:2067,93,1,0
BRDA:2099,94,0,15
BRDA:2099,94,1,0
BRDA:2142,95,0,0
BRDA:2142,95,1,15
BRDA:2188,96,0,0
BRDA:2188,96,1,15
BRDA:2192,97,0,0
BRDA:2192,97,1,0
BRDA:2192,98,0,0
BRDA:2192,98,1,0
BRDA:2211,99,0,0
BRDA:2211,99,1,0
BRDA:2211,100,0,0
BRDA:2211,100,1,0
BRDA:2211,100,2,0
BRDA:2216,101,0,0
BRDA:2216,101,1,0
BRDA:2216,102,0,0
BRDA:2216,102,1,0
BRDA:2216,102,2,0
BRDA:2221,103,0,0
BRDA:2221,103,1,0
BRDA:2221,104,0,0
BRDA:2221,104,1,0
BRDA:2221,104,2,0
BRDA:2226,105,0,0
BRDA:2226,105,1,0
BRDA:2226,106,0,0
BRDA:2226,106,1,0
BRDA:2226,106,2,0
BRDA:2231,107,0,0
BRDA:2231,107,1,0
BRDA:2231,108,0,0
BRDA:2231,108,1,0
BRDA:2231,108,2,0
BRDA:2236,109,0,0
BRDA:2236,109,1,0
BRDA:2236,110,0,0
BRDA:2236,110,1,0
BRDA:2236,110,2,0
BRDA:2236,110,3,0
BRDA:2241,111,0,0
BRDA:2241,111,1,0
BRDA:2241,112,0,0
BRDA:2241,112,1,0
BRDA:2241,112,2,0
BRDA:2241,112,3,0
BRDA:2246,113,0,0
BRDA:2246,113,1,0
BRDA:2246,114,0,0
BRDA:2246,114,1,0
BRDA:2246,114,2,0
BRDA:2251,115,0,0
BRDA:2251,115,1,0
BRDA:2251,116,0,0
BRDA:2251,116,1,0
BRDA:2251,116,2,0
BRDA:2256,117,0,0
BRDA:2256,117,1,0
BRDA:2256,118,0,0
BRDA:2256,118,1,0
BRDA:2256,118,2,0
BRDA:2261,119,0,0
BRDA:2261,119,1,0
BRDA:2261,120,0,0
BRDA:2261,120,1,0
BRDA:2261,120,2,0
BRDA:2266,121,0,0
BRDA:2266,121,1,0
BRDA:2266,122,0,0
BRDA:2266,122,1,0
BRDA:2266,122,2,0
BRDA:2271,123,0,0
BRDA:2271,123,1,0
BRDA:2271,124,0,0
BRDA:2271,124,1,0
BRDA:2271,124,2,0
BRDA:2276,125,0,0
BRDA:2276,125,1,0
BRDA:2276,126,0,0
BRDA:2276,126,1,0
BRDA:2276,126,2,0
BRDA:2281,127,0,0
BRDA:2281,127,1,0
BRDA:2281,128,0,0
BRDA:2281,128,1,0
BRDA:2281,128,2,0
BRDA:2286,129,0,0
BRDA:2286,129,1,0
BRDA:2286,130,0,0
BRDA:2286,130,1,0
BRDA:2286,130,2,0
BRDA:2291,131,0,0
BRDA:2291,131,1,0
BRDA:2291,132,0,0
BRDA:2291,132,1,0
BRDA:2291,132,2,0
BRDA:2296,133,0,0
BRDA:2296,133,1,0
BRDA:2296,134,0,0
BRDA:2296,134,1,0
BRDA:2296,134,2,0
BRDA:2301,135,0,0
BRDA:2301,135,1,0
BRDA:2306,136,0,0
BRDA:2306,136,1,0
BRDA:2311,137,0,0
BRDA:2311,137,1,0
BRDA:2313,138,0,0
BRDA:2313,138,1,0
BRDA:2316,139,0,0
BRDA:2316,139,1,0
BRDA:2319,140,0,0
BRDA:2319,140,1,0
BRDA:2333,141,0,0
BRDA:2333,141,1,0
BRDA:2336,142,0,0
BRDA:2336,142,1,0
BRDA:2339,143,0,0
BRDA:2339,143,1,0
BRDA:2377,144,0,0
BRDA:2377,144,1,0
BRDA:2378,145,0,0
BRDA:2378,145,1,0
BRDA:2378,146,0,0
BRDA:2378,146,1,0
BRDA:2378,146,2,0
BRDA:2379,147,0,0
BRDA:2379,147,1,0
BRDA:2390,148,0,0
BRDA:2390,148,1,0
BRDA:2391,149,0,0
BRDA:2391,149,1,0
BRDA:2391,150,0,0
BRDA:2391,150,1,0
BRDA:2391,150,2,0
BRDA:2392,151,0,0
BRDA:2392,151,1,0
BRDA:2445,152,0,0
BRDA:2445,152,1,0
BRDA:2456,153,0,0
BRDA:2456,153,1,0
BRDA:2463,154,0,0
BRDA:2463,154,1,0
BRDA:2516,155,0,0
BRDA:2516,155,1,0
BRDA:2521,156,0,0
BRDA:2521,156,1,0
BRDA:2536,157,0,0
BRDA:2536,157,1,0
BRDA:2544,158,0,0
BRDA:2544,158,1,0
BRDA:2563,159,0,0
BRDA:2563,159,1,0
BRDA:2563,160,0,0
BRDA:2563,160,1,0
BRDA:2597,161,0,0
BRDA:2597,161,1,0
BRDA:2597,162,0,0
BRDA:2597,162,1,0
BRDA:2626,163,0,0
BRDA:2626,163,1,0
BRDA:2631,164,0,0
BRDA:2631,164,1,0
BRDA:2646,165,0,0
BRDA:2646,165,1,0
BRDA:2650,166,0,0
BRDA:2650,166,1,0
BRDA:2656,167,0,0
BRDA:2656,167,1,0
BRDA:2665,168,0,0
BRDA:2665,168,1,0
BRDA:2665,169,0,0
BRDA:2665,169,1,0
BRDA:2684,170,0,0
BRDA:2684,170,1,0
BRDA:2688,171,0,0
BRDA:2688,171,1,0
BRDA:2690,172,0,0
BRDA:2690,172,1,0
BRDA:2692,173,0,0
BRDA:2692,173,1,0
BRDA:2694,174,0,0
BRDA:2694,174,1,0
BRDA:2704,175,0,0
BRDA:2704,175,1,0
BRDA:2709,176,0,0
BRDA:2709,176,1,0
BRDA:2757,177,0,0
BRDA:2757,177,1,0
BRDA:2763,178,0,0
BRDA:2763,178,1,0
BRDA:2788,179,0,0
BRDA:2788,179,1,0
BRDA:2794,180,0,0
BRDA:2794,180,1,0
BRDA:2820,181,0,0
BRDA:2820,181,1,0
BRDA:2840,182,0,0
BRDA:2840,182,1,0
BRDA:2842,183,0,0
BRDA:2842,183,1,0
BRDA:2851,184,0,0
BRDA:2851,184,1,0
BRDA:2852,185,0,0
BRDA:2852,185,1,0
BRDA:2882,186,0,0
BRDA:2882,186,1,0
BRDA:2890,187,0,0
BRDA:2890,187,1,0
BRDA:2894,188,0,0
BRDA:2894,188,1,0
BRDA:2894,188,2,0
BRDA:2894,188,3,0
BRDA:2894,188,4,0
BRDA:2894,188,5,0
BRDA:2894,188,6,0
BRDA:2894,188,7,0
BRDA:2944,189,0,0
BRDA:2944,189,1,0
BRDA:2951,190,0,0
BRDA:2951,190,1,0
BRDA:2959,191,0,0
BRDA:2959,191,1,0
BRDA:2983,192,0,0
BRDA:2983,192,1,0
BRDA:2990,193,0,0
BRDA:2990,193,1,0
BRDA:2998,194,0,0
BRDA:2998,194,1,0
BRDA:3022,195,0,0
BRDA:3022,195,1,0
BRDA:3029,196,0,0
BRDA:3029,196,1,0
BRDA:3055,197,0,0
BRDA:3055,197,1,0
BRDA:3062,198,0,0
BRDA:3062,198,1,0
BRDA:3070,199,0,0
BRDA:3070,199,1,0
BRDA:3094,200,0,0
BRDA:3094,200,1,0
BRDA:3101,201,0,0
BRDA:3101,201,1,0
BRDA:3109,202,0,0
BRDA:3109,202,1,0
BRDA:3138,203,0,0
BRDA:3138,203,1,0
BRDA:3139,204,0,0
BRDA:3139,204,1,0
BRDA:3160,205,0,0
BRDA:3160,205,1,0
BRDA:3161,206,0,0
BRDA:3161,206,1,0
BRDA:3204,207,0,0
BRDA:3204,207,1,0
BRDA:3205,208,0,0
BRDA:3205,208,1,0
BRDA:3221,209,0,0
BRDA:3221,209,1,0
BRDA:3235,210,0,0
BRDA:3235,210,1,0
BRDA:3239,211,0,0
BRDA:3239,211,1,0
BRDA:3246,212,0,0
BRDA:3246,212,1,0
BRDA:3246,213,0,0
BRDA:3246,213,1,0
BRDA:3257,214,0,0
BRDA:3257,214,1,0
BRDA:3259,215,0,0
BRDA:3259,215,1,0
BRDA:3263,216,0,0
BRDA:3263,216,1,0
BRDA:3264,217,0,0
BRDA:3264,217,1,0
BRDA:3266,218,0,0
BRDA:3266,218,1,0
BRDA:3277,219,0,0
BRDA:3277,219,1,0
BRDA:3278,220,0,0
BRDA:3278,220,1,0
BRDA:3279,221,0,0
BRDA:3279,221,1,0
BRDA:3280,222,0,0
BRDA:3280,222,1,0
BRDA:3282,223,0,0
BRDA:3282,223,1,0
BRDA:3283,224,0,0
BRDA:3283,224,1,0
BRDA:3285,225,0,0
BRDA:3285,225,1,0
BRDA:3292,226,0,0
BRDA:3292,226,1,0
BRDA:3293,227,0,0
BRDA:3293,227,1,0
BRDA:3295,228,0,0
BRDA:3295,228,1,0
BRDA:3299,229,0,0
BRDA:3299,229,1,0
BRDA:3302,230,0,0
BRDA:3302,230,1,0
BRDA:3304,231,0,0
BRDA:3304,231,1,0
BRDA:3304,232,0,0
BRDA:3304,232,1,0
BRDA:3305,233,0,0
BRDA:3305,233,1,0
BRDA:3312,234,0,0
BRDA:3312,234,1,0
BRDA:3317,235,0,0
BRDA:3317,235,1,0
BRDA:3317,236,0,0
BRDA:3317,236,1,0
BRDA:3328,237,0,0
BRDA:3328,237,1,0
BRDA:3330,238,0,0
BRDA:3330,238,1,0
BRDA:3337,239,0,0
BRDA:3337,239,1,0
BRDA:3337,240,0,0
BRDA:3337,240,1,0
BRDA:3342,241,0,0
BRDA:3342,241,1,0
BRDA:3344,242,0,0
BRDA:3344,242,1,0
BRDA:3355,243,0,0
BRDA:3355,243,1,0
BRDA:3356,244,0,0
BRDA:3356,244,1,0
BRDA:3357,245,0,0
BRDA:3357,245,1,0
BRDA:3358,246,0,0
BRDA:3358,246,1,0
BRDA:3364,247,0,0
BRDA:3364,247,1,0
BRDA:3364,248,0,0
BRDA:3364,248,1,0
BRDA:3369,249,0,0
BRDA:3369,249,1,0
BRDA:3371,250,0,0
BRDA:3371,250,1,0
BRDA:3378,251,0,0
BRDA:3378,251,1,0
BRDA:3379,252,0,0
BRDA:3379,252,1,0
BRDA:3381,253,0,0
BRDA:3381,253,1,0
BRDA:3385,254,0,0
BRDA:3385,254,1,0
BRDA:3388,255,0,0
BRDA:3388,255,1,0
BRDA:3390,256,0,0
BRDA:3390,256,1,0
BRDA:3390,257,0,0
BRDA:3390,257,1,0
BRDA:3391,258,0,0
BRDA:3391,258,1,0
BRDA:3398,259,0,0
BRDA:3398,259,1,0
BRDA:3403,260,0,0
BRDA:3403,260,1,0
BRDA:3403,261,0,0
BRDA:3403,261,1,0
BRDA:3410,262,0,0
BRDA:3410,262,1,0
BRDA:3417,263,0,0
BRDA:3417,263,1,0
BRDA:3417,264,0,0
BRDA:3417,264,1,0
BRDA:3425,265,0,0
BRDA:3425,265,1,0
BRDA:3425,266,0,0
BRDA:3425,266,1,0
BRDA:3446,267,0,0
BRDA:3446,267,1,0
BRDA:3464,268,0,0
BRDA:3464,268,1,0
BRDA:3469,269,0,0
BRDA:3469,269,1,0
BRDA:3469,270,0,0
BRDA:3469,270,1,0
BRDA:3471,271,0,0
BRDA:3471,271,1,0
BRDA:3472,272,0,0
BRDA:3472,272,1,0
BRDA:3473,273,0,0
BRDA:3473,273,1,0
BRDA:3483,274,0,0
BRDA:3483,274,1,0
BRDA:3488,275,0,0
BRDA:3488,275,1,0
BRDA:3488,276,0,0
BRDA:3488,276,1,0
BRDA:3490,277,0,0
BRDA:3490,277,1,0
BRDA:3493,278,0,0
BRDA:3493,278,1,0
BRDA:3505,279,0,0
BRDA:3505,279,1,0
BRDA:3510,280,0,0
BRDA:3510,280,1,0
BRDA:3510,281,0,0
BRDA:3510,281,1,0
BRDA:3522,282,0,0
BRDA:3522,282,1,0
BRDA:3524,283,0,0
BRDA:3524,283,1,0
BRDA:3526,284,0,0
BRDA:3526,284,1,0
BRDA:3532,285,0,0
BRDA:3532,285,1,0
BRDA:3532,286,0,0
BRDA:3532,286,1,0
BRDA:3546,287,0,0
BRDA:3546,287,1,0
BRDA:3554,288,0,0
BRDA:3554,288,1,0
BRDA:3567,289,0,0
BRDA:3567,289,1,0
BRDA:3592,290,0,0
BRDA:3592,290,1,0
BRDA:3592,291,0,0
BRDA:3592,291,1,0
BRDA:3600,292,0,0
BRDA:3600,292,1,0
BRDA:3600,292,2,0
BRDA:3604,293,0,0
BRDA:3604,293,1,0
BRDA:3619,294,0,0
BRDA:3619,294,1,0
BRDA:3636,295,0,0
BRDA:3636,295,1,0
BRDA:3636,296,0,0
BRDA:3636,296,1,0
BRDA:3662,297,0,0
BRDA:3662,297,1,0
BRDA:3667,298,0,0
BRDA:3667,298,1,0
BRDA:3683,299,0,0
BRDA:3683,299,1,0
BRDA:3722,300,0,0
BRDA:3722,300,1,0
BRDA:3747,301,0,0
BRDA:3747,301,1,0
BRDA:3768,302,0,0
BRDA:3768,302,1,0
BRDA:3772,303,0,0
BRDA:3772,303,1,0
BRDA:3788,304,0,0
BRDA:3788,304,1,0
BRDA:3788,305,0,0
BRDA:3788,305,1,0
BRDA:3805,306,0,0
BRDA:3805,306,1,0
BRDA:3805,307,0,0
BRDA:3805,307,1,0
BRDA:3822,308,0,0
BRDA:3822,308,1,0
BRDA:3827,309,0,0
BRDA:3827,309,1,0
BRDA:3843,310,0,0
BRDA:3843,310,1,0
BRDA:3848,311,0,0
BRDA:3848,311,1,0
BRDA:3865,312,0,0
BRDA:3865,312,1,0
BRDA:3885,313,0,0
BRDA:3885,313,1,0
BRDA:3904,314,0,0
BRDA:3904,314,1,0
BRDA:3938,315,0,0
BRDA:3938,315,1,0
BRDA:3938,316,0,0
BRDA:3938,316,1,0
BRDA:3945,317,0,0
BRDA:3945,317,1,0
BRDA:3967,318,0,0
BRDA:3967,318,1,0
BRDA:3977,319,0,0
BRDA:3977,319,1,0
BRDA:3982,320,0,0
BRDA:3982,320,1,0
BRDA:4004,321,0,0
BRDA:4004,321,1,0
BRDA:4009,322,0,0
BRDA:4009,322,1,0
BRDA:4010,323,0,0
BRDA:4010,323,1,0
BRDA:4025,324,0,0
BRDA:4025,324,1,0
BRDA:4041,325,0,0
BRDA:4041,325,1,0
BRDA:4057,326,0,0
BRDA:4057,326,1,0
BRDA:4072,327,0,0
BRDA:4072,327,1,0
BRDA:4094,328,0,0
BRDA:4094,328,1,0
BRDA:4137,329,0,0
BRDA:4137,329,1,0
BRDA:4147,330,0,0
BRDA:4147,330,1,0
BRDA:4158,331,0,0
BRDA:4158,331,1,0
BRDA:4173,332,0,0
BRDA:4173,332,1,0
BRDA:4180,333,0,0
BRDA:4180,333,1,0
BRDA:4186,334,0,0
BRDA:4186,334,1,0
BRDA:4206,335,0,0
BRDA:4206,335,1,0
BRDA:4218,336,0,0
BRDA:4218,336,1,0
BRDA:4219,337,0,0
BRDA:4219,337,1,0
BRDA:4219,338,0,0
BRDA:4219,338,1,0
BRDA:4219,338,2,0
BRDA:4220,339,0,0
BRDA:4220,339,1,0
BRDA:4232,340,0,0
BRDA:4232,340,1,0
BRDA:4264,341,0,0
BRDA:4264,341,1,0
BRDA:4282,342,0,0
BRDA:4282,342,1,0
BRDA:4344,343,0,0
BRDA:4344,343,1,0
BRDA:4384,344,0,0
BRDA:4384,344,1,0
BRDA:4413,345,0,0
BRDA:4413,345,1,0
BRDA:4421,346,0,0
BRDA:4421,346,1,0
BRDA:4430,347,0,0
BRDA:4430,347,1,0
BRDA:4436,348,0,15
BRDA:4437,349,0,15
BRDA:4437,349,1,0
BRDA:4494,350,0,0
BRDA:4494,350,1,0
BRDA:4494,351,0,0
BRDA:4494,351,1,0
BRDA:4494,351,2,0
BRDA:4500,352,0,0
BRDA:4500,352,1,0
BRDA:4527,353,0,0
BRDA:4527,353,1,0
BRDA:4534,354,0,0
BRDA:4534,354,1,0
BRDA:4540,355,0,0
BRDA:4540,355,1,0
BRDA:4563,356,0,0
BRDA:4563,356,1,0
BRDA:4578,357,0,0
BRDA:4578,357,1,0
BRDA:4582,358,0,0
BRDA:4582,358,1,0
BRDA:4592,359,0,0
BRDA:4592,359,1,0
BRDA:4592,360,0,0
BRDA:4592,360,1,0
BRDA:4596,361,0,0
BRDA:4596,361,1,0
BRDA:4630,362,0,0
BRDA:4630,362,1,0
BRDA:4648,363,0,0
BRDA:4648,363,1,0
BRDA:4652,364,0,0
BRDA:4652,364,1,0
BRDA:4652,365,0,0
BRDA:4652,365,1,0
BRDA:4657,366,0,0
BRDA:4657,366,1,0
BRDA:4657,367,0,0
BRDA:4657,367,1,0
BRDA:4670,368,0,0
BRDA:4670,368,1,0
BRDA:4694,369,0,0
BRDA:4694,369,1,0
BRDA:4714,370,0,0
BRDA:4714,370,1,0
BRDA:4720,371,0,0
BRDA:4720,371,1,0
BRDA:4728,372,0,0
BRDA:4728,372,1,0
BRDA:4729,373,0,0
BRDA:4729,373,1,0
BRDA:4745,374,0,0
BRDA:4745,374,1,0
BRDA:4762,375,0,0
BRDA:4762,375,1,0
BRDA:4762,376,0,0
BRDA:4762,376,1,0
BRDA:4794,377,0,0
BRDA:4794,377,1,0
BRDA:4823,378,0,0
BRDA:4823,378,1,0
BRDA:4904,379,0,0
BRDA:4904,379,1,0
BRDA:4904,380,0,0
BRDA:4904,380,1,0
BRDA:4905,381,0,0
BRDA:4905,381,1,0
BRDA:4916,382,0,0
BRDA:4916,382,1,0
BRDA:4920,383,0,0
BRDA:4920,383,1,0
BRDA:4920,384,0,0
BRDA:4920,384,1,0
BRDA:4942,385,0,0
BRDA:4942,385,1,0
BRDA:4966,386,0,0
BRDA:4966,386,1,0
BRDA:4977,387,0,0
BRDA:4977,387,1,0
BRDA:4986,388,0,0
BRDA:4986,388,1,0
BRDA:5004,389,0,0
BRDA:5004,389,1,0
BRDA:5008,390,0,0
BRDA:5008,390,1,0
BRDA:5028,391,0,0
BRDA:5028,391,1,0
BRDA:5033,392,0,0
BRDA:5033,392,1,0
BRDA:5033,393,0,0
BRDA:5033,393,1,0
BRDA:5043,394,0,0
BRDA:5043,394,1,0
BRDA:5043,395,0,0
BRDA:5043,395,1,0
BRDA:5061,396,0,0
BRDA:5061,396,1,0
BRDA:5072,397,0,0
BRDA:5072,397,1,0
BRDA:5083,398,0,0
BRDA:5083,398,1,0
BRDA:5091,399,0,0
BRDA:5091,399,1,0
BRDA:5103,400,0,0
BRDA:5103,400,1,0
BRDA:5104,401,0,0
BRDA:5104,401,1,0
BRDA:5118,402,0,0
BRDA:5118,402,1,0
BRDA:5119,403,0,0
BRDA:5119,403,1,0
BRDA:5147,404,0,0
BRDA:5147,404,1,0
BRDA:5154,405,0,0
BRDA:5154,405,1,0
BRDA:5169,406,0,0
BRDA:5169,406,1,0
BRDA:5172,407,0,0
BRDA:5172,407,1,0
BRDA:5180,408,0,0
BRDA:5180,408,1,0
BRDA:5183,409,0,0
BRDA:5183,409,1,0
BRDA:5199,410,0,0
BRDA:5199,410,1,0
BRDA:5204,411,0,0
BRDA:5204,411,1,0
BRDA:5208,412,0,0
BRDA:5208,412,1,0
BRDA:5212,413,0,0
BRDA:5212,413,1,0
BRDA:5218,414,0,0
BRDA:5218,414,1,0
BRDA:5218,415,0,0
BRDA:5218,415,1,0
BRDA:5232,416,0,0
BRDA:5232,416,1,0
BRDA:5234,417,0,0
BRDA:5234,417,1,0
BRDA:5241,418,0,0
BRDA:5241,418,1,0
BRDA:5241,418,2,0
BRDA:5241,418,3,0
BRDA:5241,418,4,0
BRDA:5241,418,5,0
BRDA:5241,418,6,0
BRDA:5241,418,7,0
BRDA:5241,418,8,0
BRDA:5241,418,9,0
BRDA:5241,418,10,0
BRDA:5241,418,11,0
BRDA:5241,418,12,0
BRDA:5241,418,13,0
BRDA:5241,418,14,0
BRDA:5241,418,15,0
BRDA:5241,418,16,0
BRDA:5241,418,17,0
BRDA:5241,418,18,0
BRDA:5241,418,19,0
BRDA:5241,418,20,0
BRDA:5241,418,21,0
BRDA:5241,418,22,0
BRDA:5241,418,23,0
BRDA:5241,418,24,0
BRDA:5241,418,25,0
BRDA:5241,418,26,0
BRDA:5241,418,27,0
BRDA:5241,418,28,0
BRDA:5241,418,29,0
BRDA:5241,418,30,0
BRDA:5241,418,31,0
BRDA:5241,418,32,0
BRDA:5241,418,33,0
BRDA:5241,418,34,0
BRDA:5241,418,35,0
BRDA:5241,418,36,0
BRDA:5241,418,37,0
BRDA:5241,418,38,0
BRDA:5241,418,39,0
BRDA:5267,419,0,0
BRDA:5267,419,1,0
BRDA:5397,420,0,0
BRDA:5397,420,1,0
BRDA:5443,421,0,0
BRDA:5443,421,1,0
BRDA:5443,421,2,0
BRDA:5443,421,3,0
BRDA:5443,421,4,0
BRDA:5443,421,5,0
BRDA:5515,422,0,50
BRDA:5515,422,1,15
BRDA:5515,423,0,50
BRDA:5515,423,1,15
BRDA:5538,424,0,50
BRDA:5538,424,1,15
BRDA:5555,425,0,50
BRDA:5555,425,1,15
BRDA:5571,426,0,50
BRDA:5571,426,1,15
BRDA:5587,427,0,50
BRDA:5587,427,1,15
BRDA:5592,428,0,50
BRDA:5592,428,1,15
BRDA:5617,429,0,50
BRDA:5617,429,1,15
BRDA:5624,430,0,50
BRDA:5624,430,1,15
BRDA:5631,431,0,50
BRDA:5631,431,1,15
BRDA:5638,432,0,50
BRDA:5638,432,1,15
BRDA:5645,433,0,50
BRDA:5645,433,1,15
BRDA:5652,434,0,50
BRDA:5652,434,1,15
BRDA:5661,435,0,50
BRDA:5665,436,0,50
BRDA:5665,436,1,15
BRDA:5683,437,0,50
BRDA:5683,437,1,15
BRDA:5702,438,0,50
BRDA:5702,438,1,15
BRDA:5718,439,0,50
BRDA:5718,439,1,15
BRDA:5737,440,0,50
BRDA:5737,440,1,15
BRDA:5743,441,0,50
BRDA:5743,441,1,15
BRDA:5750,442,0,50
BRDA:5750,442,1,15
BRDA:5761,443,0,50
BRDA:5761,443,1,15
BRDA:5764,444,0,50
BRDA:5764,444,1,15
BRDA:5767,445,0,50
BRDA:5767,445,1,15
BRDA:5770,446,0,50
BRDA:5770,446,1,15
BRDA:5782,447,0,50
BRDA:5782,447,1,15
BRDA:5787,448,0,50
BRDA:5787,448,1,15
BRDA:5794,449,0,50
BRDA:5794,449,1,15
BRDA:5797,450,0,50
BRDA:5797,450,1,15
BRDA:5800,451,0,50
BRDA:5800,451,1,15
BRDA:5803,452,0,50
BRDA:5803,452,1,15
BRDA:5822,453,0,50
BRDA:5822,453,1,15
BRDA:5825,454,0,50
BRDA:5825,454,1,15
BRDA:5828,455,0,50
BRDA:5828,455,1,15
BRDA:5833,456,0,50
BRDA:5833,456,1,15
BRDA:5838,457,0,50
BRDA:5838,457,1,15
BRDA:5846,458,0,50
BRDA:5846,458,1,15
BRDA:5863,459,0,50
BRDA:5863,459,1,15
BRDA:5869,460,0,50
BRDA:5869,460,1,15
BRDA:5886,461,0,50
BRDA:5886,461,1,15
BRDA:5907,462,0,50
BRDA:5907,462,1,15
BRDA:5927,463,0,50
BRDA:5927,463,1,15
BRDA:5932,464,0,0
BRDA:5936,465,0,0
BRDA:5936,465,1,0
BRDA:5955,466,0,0
BRDA:5955,466,1,0
BRDA:5974,467,0,0
BRDA:5974,467,1,0
BRDA:5980,468,0,0
BRDA:5980,468,1,0
BRDA:6001,469,0,0
BRDA:6001,469,1,0
BRDA:6007,470,0,0
BRDA:6007,470,1,0
BRDA:6025,471,0,0
BRDA:6025,471,1,0
BRDA:6041,472,0,0
BRDA:6041,472,1,0
BRDA:6060,473,0,0
BRDA:6060,473,1,0
BRDA:6066,474,0,0
BRDA:6066,474,1,0
BRDA:6084,475,0,0
BRDA:6084,475,1,0
BRDA:6101,476,0,0
BRDA:6101,476,1,0
BRDA:6120,477,0,0
BRDA:6120,477,1,0
BRDA:6126,478,0,0
BRDA:6126,478,1,0
BRDA:6143,479,0,0
BRDA:6143,479,1,0
BRDA:6160,480,0,0
BRDA:6160,480,1,0
BRDA:6166,481,0,0
BRDA:6166,481,1,0
BRDA:6184,482,0,0
BRDA:6184,482,1,0
BRDA:6202,483,0,0
BRDA:6202,483,1,0
BRDA:6220,484,0,0
BRDA:6220,484,1,0
BRDA:6225,485,0,0
BRDA:6229,486,0,0
BRDA:6229,486,1,0
BRDA:6248,487,0,0
BRDA:6248,487,1,0
BRDA:6251,488,0,0
BRDA:6251,488,1,0
BRDA:6256,489,0,0
BRDA:6256,489,1,0
BRDA:6262,490,0,0
BRDA:6262,490,1,0
BRDA:6282,491,0,0
BRDA:6282,491,1,0
BRDA:6288,492,0,0
BRDA:6288,492,1,0
BRDA:6305,493,0,0
BRDA:6305,493,1,0
BRDA:6323,494,0,0
BRDA:6323,494,1,0
BRDA:6328,495,0,0
BRDA:6332,496,0,0
BRDA:6332,496,1,0
BRDA:6351,497,0,0
BRDA:6351,497,1,0
BRDA:6357,498,0,0
BRDA:6357,498,1,0
BRDA:6374,499,0,0
BRDA:6374,499,1,0
BRDA:6380,500,0,0
BRDA:6380,500,1,0
BRDA:6398,501,0,0
BRDA:6398,501,1,0
BRDA:6403,502,0,0
BRDA:6407,503,0,0
BRDA:6407,503,1,0
BRDA:6424,504,0,0
BRDA:6424,504,1,0
BRDA:6445,505,0,0
BRDA:6445,505,1,0
BRDA:6451,506,0,0
BRDA:6451,506,1,0
BRDA:6467,507,0,0
BRDA:6467,507,1,0
BRDA:6486,508,0,0
BRDA:6486,508,1,0
BRDA:6492,509,0,0
BRDA:6492,509,1,0
BRDA:6510,510,0,0
BRDA:6510,510,1,0
BRDA:6515,511,0,0
BRDA:6519,512,0,0
BRDA:6519,512,1,0
BRDA:6536,513,0,0
BRDA:6536,513,1,0
BRDA:6554,514,0,0
BRDA:6554,514,1,0
BRDA:6570,515,0,0
BRDA:6570,515,1,0
BRDA:6589,516,0,0
BRDA:6589,516,1,0
BRDA:6595,517,0,0
BRDA:6595,517,1,0
BRDA:6614,518,0,0
BRDA:6614,518,1,0
BRDA:6632,519,0,0
BRDA:6632,519,1,0
BRDA:6636,520,0,0
BRDA:6636,520,1,0
BRDA:6642,521,0,0
BRDA:6642,521,1,0
BRDA:6658,522,0,0
BRDA:6658,522,1,0
BRDA:6675,523,0,0
BRDA:6675,523,1,0
BRDA:6685,524,0,2
BRDA:6723,525,0,2
BRDA:6723,525,1,1
BRDA:6717,526,0,2
BRDA:6717,526,1,1
BRDA:6725,527,0,1
BRDA:6725,527,1,1
BRDA:6728,528,0,1
BRDA:6728,528,1,1
BRDA:6745,529,0,50
BRDA:6745,529,1,15
BRDA:6744,530,0,20
BRDA:6744,530,1,30
BRDA:6749,531,0,1
BRDA:6749,532,0,1
BRDA:6749,532,1,1
BRDA:6759,533,0,1
BRDA:6759,533,1,1
BRDA:6753,534,0,1
BRDA:6753,534,1,1
BRDA:6753,535,0,1
BRDA:6753,535,1,1
BRF:1133
BRH:131
end_of_record
TN:
SF:src/components/MathFormulaEditor.vue
FN:30,(anonymous_0)
FN:55,(anonymous_1)
FN:62,(anonymous_2)
FN:69,(anonymous_3)
FN:74,(anonymous_4)
FN:122,(anonymous_5)
FN:123,(anonymous_6)
FN:129,(anonymous_7)
FN:140,(anonymous_8)
FN:165,(anonymous_9)
FN:164,(anonymous_10)
FN:183,(anonymous_11)
FN:187,(anonymous_12)
FN:199,(anonymous_13)
FN:203,(anonymous_14)
FNF:15
FNH:9
FNDA:32,(anonymous_0)
FNDA:1,(anonymous_1)
FNDA:1,(anonymous_2)
FNDA:1,(anonymous_3)
FNDA:0,(anonymous_4)
FNDA:22,(anonymous_5)
FNDA:2,(anonymous_6)
FNDA:20,(anonymous_7)
FNDA:0,(anonymous_8)
FNDA:0,(anonymous_9)
FNDA:0,(anonymous_10)
FNDA:45,(anonymous_11)
FNDA:0,(anonymous_12)
FNDA:24,(anonymous_13)
FNDA:0,(anonymous_14)
DA:15,20
DA:20,20
DA:22,20
DA:23,20
DA:24,20
DA:25,20
DA:26,20
DA:27,20
DA:30,20
DA:31,32
DA:32,1
DA:33,1
DA:36,31
DA:37,31
DA:38,31
DA:42,24
DA:43,24
DA:44,24
DA:46,6
DA:47,6
DA:48,6
DA:50,30
DA:55,20
DA:56,1
DA:57,1
DA:58,1
DA:62,20
DA:63,1
DA:64,1
DA:65,1
DA:69,20
DA:70,1
DA:74,20
DA:75,0
DA:76,0
DA:77,0
DA:78,0
DA:79,0
DA:80,0
DA:81,0
DA:82,0
DA:83,0
DA:84,0
DA:85,0
DA:90,20
DA:109,20
DA:121,20
DA:122,22
DA:124,2
DA:125,2
DA:129,20
DA:130,20
DA:135,80
DA:140,0
DA:149,1
DA:155,1
DA:157,1
DA:160,0
DA:164,0
DA:169,1
DA:179,1
DA:181,1
DA:182,45
DA:187,0
DA:195,1
DA:197,1
DA:198,24
DA:203,0
LF:68
LH:52
BRDA:31,0,0,1
BRDA:31,0,1,31
BRDA:47,1,0,4
BRDA:47,1,1,2
BRDA:76,2,0,0
BRDA:76,2,1,0
BRDA:140,3,0,80
BRDA:140,3,1,20
BRDA:140,4,0,0
BRDA:140,4,1,0
BRDA:142,5,0,31
BRDA:142,5,1,49
BRDA:144,6,0,74
BRDA:144,6,1,6
BRDA:144,7,0,80
BRDA:144,7,1,77
BRDA:148,8,0,3
BRDA:150,9,0,3
BRDA:150,9,1,2
BRDA:166,10,0,3
BRDA:166,10,1,2
BRDA:165,11,0,3
BRDA:165,11,1,2
BRDA:164,12,0,3
BRDA:164,12,1,2
BRDA:176,13,0,3
BRDA:176,13,1,2
BRDA:172,14,0,2
BRDA:172,14,1,1
BRDA:175,15,0,0
BRDA:175,15,1,3
BRDA:192,16,0,3
BRDA:192,16,1,2
BRDA:208,17,0,3
BRDA:208,17,1,2
BRF:35
BRH:30
end_of_record
TN:
SF:src/utils/bibliography.ts
FN:43,(anonymous_0)
FN:45,(anonymous_1)
FN:57,(anonymous_2)
FN:79,(anonymous_3)
FN:100,(anonymous_4)
FN:106,(anonymous_5)
FN:115,(anonymous_6)
FN:123,(anonymous_7)
FN:132,(anonymous_8)
FN:135,(anonymous_9)
FN:140,(anonymous_10)
FN:149,(anonymous_11)
FN:150,(anonymous_12)
FN:158,(anonymous_13)
FN:159,(anonymous_14)
FN:169,(anonymous_15)
FN:189,(anonymous_16)
FN:190,(anonymous_17)
FN:200,(anonymous_18)
FN:209,(anonymous_19)
FN:210,(anonymous_20)
FN:219,(anonymous_21)
FN:245,(anonymous_22)
FN:276,(anonymous_23)
FN:307,(anonymous_24)
FN:338,(anonymous_25)
FN:363,(anonymous_26)
FN:398,(anonymous_27)
FN:429,(anonymous_28)
FN:471,(anonymous_29)
FN:481,(anonymous_30)
FN:494,(anonymous_31)
FN:502,(anonymous_32)
FN:511,(anonymous_33)
FN:515,(anonymous_34)
FN:526,(anonymous_35)
FN:540,(anonymous_36)
FN:541,(anonymous_37)
FN:542,(anonymous_38)
FN:591,(anonymous_39)
FN:593,(anonymous_40)
FN:600,(anonymous_41)
FN:608,(anonymous_42)
FN:625,(anonymous_43)
FN:632,(anonymous_44)
FN:641,(anonymous_45)
FN:643,(anonymous_46)
FNF:47
FNH:46
FNDA:3,(anonymous_0)
FNDA:3,(anonymous_1)
FNDA:80,(anonymous_2)
FNDA:6,(anonymous_3)
FNDA:4,(anonymous_4)
FNDA:4,(anonymous_5)
FNDA:36,(anonymous_6)
FNDA:37,(anonymous_7)
FNDA:9,(anonymous_8)
FNDA:8,(anonymous_9)
FNDA:1,(anonymous_10)
FNDA:1,(anonymous_11)
FNDA:2,(anonymous_12)
FNDA:1,(anonymous_13)
FNDA:1,(anonymous_14)
FNDA:22,(anonymous_15)
FNDA:2,(anonymous_16)
FNDA:1,(anonymous_17)
FNDA:10,(anonymous_18)
FNDA:3,(anonymous_19)
FNDA:8,(anonymous_20)
FNDA:21,(anonymous_21)
FNDA:6,(anonymous_22)
FNDA:5,(anonymous_23)
FNDA:2,(anonymous_24)
FNDA:2,(anonymous_25)
FNDA:2,(anonymous_26)
FNDA:2,(anonymous_27)
FNDA:3,(anonymous_28)
FNDA:4,(anonymous_29)
FNDA:5,(anonymous_30)
FNDA:3,(anonymous_31)
FNDA:1,(anonymous_32)
FNDA:4,(anonymous_33)
FNDA:0,(anonymous_34)
FNDA:4,(anonymous_35)
FNDA:3,(anonymous_36)
FNDA:3,(anonymous_37)
FNDA:6,(anonymous_38)
FNDA:1,(anonymous_39)
FNDA:1,(anonymous_40)
FNDA:85,(anonymous_41)
FNDA:85,(anonymous_42)
FNDA:98,(anonymous_43)
FNDA:3,(anonymous_44)
FNDA:3,(anonymous_45)
FNDA:2,(anonymous_46)
DA:39,3
DA:40,3
DA:41,3
DA:46,3
DA:47,3
DA:49,3
DA:58,80
DA:60,80
DA:61,80
DA:63,80
DA:70,80
DA:71,80
DA:80,6
DA:81,6
DA:82,1
DA:85,5
DA:92,5
DA:93,5
DA:101,4
DA:102,1
DA:106,4
DA:107,3
DA:116,36
DA:124,37
DA:133,9
DA:134,9
DA:136,8
DA:140,1
DA:150,2
DA:159,1
DA:170,22
DA:171,1
DA:174,21
DA:181,22
DA:182,22
DA:190,2
DA:191,2
DA:192,1
DA:201,10
DA:210,8
DA:220,21
DA:222,21
DA:224,6
DA:226,5
DA:228,2
DA:230,2
DA:232,2
DA:234,2
DA:236,2
DA:238,0
DA:246,6
DA:247,6
DA:249,6
DA:250,1
DA:251,1
DA:252,1
DA:254,1
DA:255,1
DA:257,1
DA:258,1
DA:260,5
DA:261,2
DA:264,6
DA:265,2
DA:266,4
DA:267,1
DA:270,6
DA:277,5
DA:278,5
DA:280,5
DA:281,0
DA:282,0
DA:283,0
DA:285,0
DA:286,0
DA:288,0
DA:289,0
DA:291,0
DA:292,0
DA:294,5
DA:295,1
DA:296,1
DA:297,1
DA:301,5
DA:308,2
DA:309,2
DA:311,2
DA:312,1
DA:313,1
DA:314,1
[...]
DA:58,25
DA:61,22
DA:65,11
DA:66,11
DA:71,25
DA:73,25
DA:74,0
DA:78,25
DA:79,25
DA:82,25
DA:85,25
DA:87,25
DA:91,25
DA:94,25
DA:95,25
DA:96,25
DA:97,25
DA:100,25
DA:101,25
DA:102,25
DA:103,25
DA:106,25
DA:107,25
DA:108,25
DA:111,25
DA:112,25
DA:115,25
DA:121,25
DA:124,25
DA:125,1
DA:126,1
DA:128,2
DA:129,2
DA:132,1
DA:136,25
DA:137,25
DA:138,1
DA:139,1
DA:141,2
DA:142,2
DA:143,2
DA:146,1
DA:150,25
DA:151,1
DA:152,1
DA:153,0
DA:156,1
DA:157,1
DA:159,1
DA:161,1
DA:162,1
DA:163,1
DA:164,2
DA:165,2
DA:167,1
DA:170,1
DA:171,1
DA:175,25
DA:178,25
DA:181,25
DA:183,25
DA:188,14
DA:189,4
DA:192,10
DA:193,10
DA:196,12
DA:198,10
DA:199,0
DA:202,10
DA:205,10
DA:206,12
DA:209,10
DA:213,12
DA:214,0
DA:217,12
DA:218,12
DA:219,12
DA:220,12
DA:222,12
DA:223,24
DA:226,24
DA:227,11
DA:228,11
DA:229,11
DA:230,11
DA:231,11
DA:235,13
DA:239,12
DA:250,12
LF:100
LH:96
BRDA:14,0,0,43
BRDA:14,0,1,40
BRDA:15,1,0,43
BRDA:15,1,1,40
BRDA:16,2,0,0
BRDA:16,2,1,43
BRDA:39,3,0,29
BRDA:40,4,0,6
BRDA:40,4,1,23
BRDA:40,5,0,29
BRDA:40,5,1,23
BRDA:50,6,0,1
BRDA:50,6,1,22
BRDA:73,7,0,0
BRDA:73,7,1,25
BRDA:79,8,0,24
BRDA:79,8,1,1
BRDA:125,9,0,1
BRDA:125,9,1,0
BRDA:138,10,0,1
BRDA:138,10,1,0
BRDA:151,11,0,1
BRDA:151,11,1,0
BRDA:152,12,0,0
BRDA:152,12,1,1
BRDA:156,13,0,1
BRDA:156,13,1,0
BRDA:162,14,0,1
BRDA:162,14,1,0
BRDA:187,15,0,14
BRDA:188,16,0,4
BRDA:188,16,1,10
BRDA:188,17,0,14
BRDA:188,17,1,10
BRDA:198,18,0,0
BRDA:198,18,1,10
BRDA:213,19,0,0
BRDA:213,19,1,12
BRDA:226,20,0,11
BRDA:226,20,1,13
BRDA:226,21,0,24
BRDA:226,21,1,12
BRDA:227,22,0,11
BRDA:227,22,1,0
BRDA:228,23,0,11
BRDA:228,23,1,0
BRF:46
BRH:34
end_of_record
TN:
SF:src/utils/spellCheck.ts
FN:31,(anonymous_0)
FN:61,(anonymous_1)
FN:119,(anonymous_2)
FN:130,(anonymous_3)
FN:140,(anonymous_4)
FN:148,(anonymous_5)
FN:155,(anonymous_6)
FN:164,(anonymous_7)
FN:181,(anonymous_8)
FN:193,(anonymous_9)
FN:214,(anonymous_10)
FN:248,(anonymous_11)
FNF:12
FNH:12
FNDA:59,(anonymous_0)
FNDA:2,(anonymous_1)
FNDA:9,(anonymous_2)
FNDA:27,(anonymous_3)
FNDA:3,(anonymous_4)
FNDA:15,(anonymous_5)
FNDA:3,(anonymous_6)
FNDA:2,(anonymous_7)
FNDA:2,(anonymous_8)
FNDA:28,(anonymous_9)
FNDA:24,(anonymous_10)
FNDA:42,(anonymous_11)
DA:22,30
DA:23,30
DA:24,30
DA:25,30
DA:32,59
DA:33,0
DA:36,59
DA:38,59
DA:39,59
DA:43,59
DA:45,59
DA:46,59
DA:48,59
DA:50,59
DA:51,59
DA:52,59
DA:62,2
DA:63,2
DA:66,0
DA:67,0
DA:68,0
DA:69,0
DA:71,0
DA:73,0
DA:74,0
DA:75,0
DA:79,0
DA:80,0
DA:81,0
DA:85,0
DA:86,0
DA:87,0
DA:91,0
DA:92,0
DA:93,0
DA:101,0
DA:102,0
DA:103,0
DA:107,0
DA:121,9
DA:122,9
DA:123,9
DA:131,27
DA:132,21
DA:141,3
DA:149,15
DA:156,3
DA:165,2
DA:166,2
DA:169,0
DA:170,0
DA:173,0
DA:182,2
DA:183,2
DA:186,0
DA:194,28
DA:199,1
DA:215,24
DA:216,24
DA:217,24
DA:218,24
DA:221,24
DA:222,24
DA:223,24
DA:224,24
DA:227,24
DA:228,24
DA:229,24
DA:230,24
DA:231,24
DA:232,24
DA:239,24
DA:241,24
DA:249,42
DA:250,42
DA:254,1
LF:76
LH:50
BRDA:31,0,0,59
BRDA:32,1,0,0
BRDA:32,1,1,59
BRDA:62,2,0,2
BRDA:62,2,1,0
BRDA:62,3,0,2
BRDA:62,3,1,0
BRDA:73,4,0,0
BRDA:73,4,1,0
BRDA:79,5,0,0
BRDA:79,5,1,0
BRDA:85,6,0,0
BRDA:85,6,1,0
BRDA:91,7,0,0
BRDA:91,7,1,0
BRDA:92,8,0,0
BRDA:92,8,1,0
BRDA:102,9,0,0
BRDA:102,9,1,0
BRDA:122,10,0,9
BRDA:122,10,1,3
BRDA:131,11,0,21
BRDA:131,11,1,6
BRDA:131,12,0,27
BRDA:131,12,1,23
BRDA:165,13,0,2
BRDA:165,13,1,0
BRDA:165,14,0,2
BRDA:165,14,1,0
BRDA:169,15,0,0
BRDA:169,15,1,0
BRDA:182,16,0,2
BRDA:182,16,1,0
BRDA:182,17,0,2
BRDA:182,17,1,0
BRDA:186,18,0,0
BRDA:186,18,1,0
BRDA:194,19,0,28
BRDA:194,19,1,0
BRDA:228,20,0,24
BRDA:228,20,1,0
BRDA:250,21,0,42
BRDA:250,21,1,4
BRF:43
BRH:18
end_of_record
TN:
SF:src/utils/tableOfContents.ts
FN:31,(anonymous_0)
FN:33,(anonymous_1)
FN:46,(anonymous_2)
FN:67,(anonymous_3)
FN:108,(anonymous_4)
FN:129,(anonymous_5)
FN:132,(anonymous_6)
FN:173,(anonymous_7)
FN:179,(anonymous_8)
FN:190,(anonymous_9)
FN:209,(anonymous_10)
FN:212,(anonymous_11)
FN:241,(anonymous_12)
FN:259,(anonymous_13)
FN:267,(anonymous_14)
FN:274,(anonymous_15)
FN:282,(anonymous_16)
FN:290,(anonymous_17)
FN:299,(anonymous_18)
FNF:19
FNH:18
FNDA:1,(anonymous_0)
FNDA:1,(anonymous_1)
FNDA:2,(anonymous_2)
FNDA:1,(anonymous_3)
FNDA:15,(anonymous_4)
FNDA:39,(anonymous_5)
FNDA:53,(anonymous_6)
FNDA:47,(anonymous_7)
FNDA:24,(anonymous_8)
FNDA:4,(anonymous_9)
FNDA:6,(anonymous_10)
FNDA:7,(anonymous_11)
FNDA:7,(anonymous_12)
FNDA:0,(anonymous_13)
FNDA:3,(anonymous_14)
FNDA:51,(anonymous_15)
FNDA:12,(anonymous_16)
FNDA:10,(anonymous_17)
FNDA:12,(anonymous_18)
DA:23,1
DA:24,1
DA:34,1
DA:35,1
DA:37,1
DA:47,2
DA:48,1
DA:52,1
DA:53,0
DA:57,1
DA:60,1
DA:61,1
DA:62,1
DA:64,1
DA:65,1
DA:67,1
DA:68,1
DA:69,1
DA:70,1
DA:72,1
DA:73,0
DA:76,1
DA:85,1
DA:86,0
DA:89,1
DA:90,1
DA:92,0
DA:95,1
DA:96,1
DA:99,1
DA:109,15
DA:110,2
DA:113,13
DA:114,0
DA:117,13
DA:118,13
DA:119,13
DA:121,13
DA:123,13
DA:130,39
DA:132,39
DA:133,53
DA:134,23
DA:135,23
DA:136,23
DA:138,23
DA:139,19
DA:147,19
DA:148,2
DA:151,19
DA:152,13
DA:154,6
DA:157,19
DA:158,19
DA:162,53
DA:163,26
DA:167,39
DA:174,47
DA:175,24
DA:178,23
DA:179,24
DA:182,0
DA:191,4
DA:192,4
DA:193,1
DA:196,3
DA:197,3
DA:198,3
DA:200,3
DA:202,3
DA:203,3
DA:210,6
DA:212,6
DA:213,7
DA:215,7
DA:216,7
DA:217,7
DA:218,7
DA:220,7
DA:221,0
DA:224,7
DA:226,7
DA:227,3
DA:228,3
DA:229,3
DA:232,7
DA:235,6
DA:242,7
DA:243,0
DA:246,7
DA:247,0
DA:251,7
DA:252,7
DA:260,0
DA:268,3
DA:275,51
DA:283,12
DA:291,10
DA:300,12
DA:302,12
DA:303,0
DA:306,12
DA:307,11
DA:308,3
DA:311,8
DA:312,3
DA:315,5
DA:316,1
DA:317,0
DA:322,6
DA:326,1
DA:331,1
LF:112
LH:100
BRDA:34,0,0,1
BRDA:34,0,1,0
BRDA:47,1,0,1
BRDA:47,1,1,1
BRDA:47,2,0,2
BRDA:47,2,1,1
BRDA:52,3,0,0
BRDA:52,3,1,1
BRDA:69,4,0,1
BRDA:69,4,1,0
BRDA:70,5,0,1
BRDA:70,5,1,1
BRDA:72,6,0,0
BRDA:72,6,1,1
BRDA:85,7,0,1
BRDA:85,7,1,0
BRDA:89,8,0,1
BRDA:89,8,1,0
BRDA:109,9,0,2
BRDA:109,9,1,13
BRDA:109,10,0,15
BRDA:109,10,1,14
BRDA:113,11,0,0
BRDA:113,11,1,13
BRDA:133,12,0,23
BRDA:133,12,1,30
BRDA:134,13,0,23
BRDA:134,13,1,0
BRDA:136,14,0,23
BRDA:136,14,1,23
BRDA:138,15,0,19
BRDA:138,15,1,4
BRDA:147,16,0,19
BRDA:147,16,1,8
BRDA:151,17,0,13
BRDA:151,17,1,6
BRDA:162,18,0,26
BRDA:162,18,1,27
BRDA:174,19,0,24
BRDA:174,19,1,23
BRDA:178,20,0,23
BRDA:178,20,1,0
BRDA:191,21,0,4
BRDA:191,21,1,0
BRDA:192,22,0,1
BRDA:192,22,1,3
BRDA:213,23,0,7
BRDA:213,23,1,0
BRDA:220,24,0,0
BRDA:220,24,1,7
BRDA:226,25,0,3
BRDA:226,25,1,4
BRDA:242,26,0,0
BRDA:242,26,1,7
BRDA:246,27,0,0
BRDA:246,27,1,7
BRDA:251,28,0,4
BRDA:251,28,1,3
BRDA:300,29,0,12
BRDA:300,29,1,0
BRDA:302,30,0,0
BRDA:302,30,1,12
BRDA:307,31,0,3
BRDA:307,31,1,8
BRDA:307,32,0,11
BRDA:307,32,1,10
BRDA:307,32,2,8
BRDA:311,33,0,3
BRDA:311,33,1,5
BRDA:311,34,0,8
BRDA:311,34,1,6
BRDA:315,35,0,1
BRDA:315,35,1,4
BRDA:315,36,0,5
BRDA:315,36,1,5
BRDA:316,37,0,0
BRDA:316,37,1,1
BRF:77
BRH:60
end_of_record
TN:
SF:src/utils/testHelpers.ts
FN:13,(anonymous_0)
FN:14,(anonymous_1)
FN:20,(anonymous_2)
FN:27,(anonymous_3)
FN:48,(anonymous_4)
FN:86,(anonymous_5)
FN:91,(anonymous_6)
FN:109,(anonymous_7)
FN:121,(anonymous_8)
FN:128,(anonymous_9)
FN:130,(anonymous_10)
FN:133,(anonymous_11)
FN:136,(anonymous_12)
FN:146,(anonymous_13)
FN:152,(anonymous_14)
FN:164,(anonymous_15)
FN:172,(anonymous_16)
FN:189,(anonymous_17)
FN:205,(anonymous_18)
FN:212,(anonymous_19)
FN:220,(anonymous_20)
FN:231,(anonymous_21)
FN:246,(anonymous_22)
FN:276,(anonymous_23)
FN:322,(anonymous_24)
FN:326,(anonymous_25)
FN:336,(anonymous_26)
FN:342,(anonymous_27)
FNF:28
FNH:25
FNDA:22,(anonymous_0)
FNDA:22,(anonymous_1)
FNDA:2,(anonymous_2)
FNDA:6,(anonymous_3)
FNDA:17,(anonymous_4)
FNDA:1,(anonymous_5)
FNDA:1,(anonymous_6)
FNDA:6,(anonymous_7)
FNDA:6,(anonymous_8)
FNDA:5,(anonymous_9)
FNDA:3,(anonymous_10)
FNDA:1,(anonymous_11)
FNDA:1,(anonymous_12)
FNDA:5,(anonymous_13)
FNDA:11,(anonymous_14)
FNDA:0,(anonymous_15)
FNDA:1,(anonymous_16)
FNDA:1,(anonymous_17)
FNDA:0,(anonymous_18)
FNDA:0,(anonymous_19)
FNDA:1,(anonymous_20)
FNDA:1,(anonymous_21)
FNDA:2,(anonymous_22)
FNDA:8,(anonymous_23)
FNDA:15,(anonymous_24)
FNDA:13,(anonymous_25)
FNDA:3,(anonymous_26)
FNDA:2,(anonymous_27)
DA:13,2
DA:14,22
DA:20,2
DA:21,2
DA:27,2
DA:34,6
DA:35,6
DA:37,6
DA:38,20
DA:39,2
DA:41,18
DA:48,2
DA:49,17
DA:84,17
DA:87,1
DA:92,1
DA:109,2
DA:114,6
DA:115,6
DA:121,2
DA:122,6
DA:128,2
DA:129,5
DA:131,3
DA:134,1
DA:137,1
DA:138,1
DA:139,1
DA:140,12
DA:142,1
DA:146,5
DA:152,2
DA:153,11
DA:172,2
DA:178,1
DA:179,1
DA:180,1
DA:182,0
DA:183,0
DA:189,2
DA:194,1
DA:195,1
DA:196,1
DA:198,0
DA:199,0
DA:205,2
DA:206,0
DA:212,2
DA:213,0
DA:214,0
DA:220,2
DA:221,1
DA:222,1
DA:223,1
DA:225,0
DA:231,2
DA:236,1
DA:237,1
DA:238,1
DA:240,0
DA:246,2
DA:257,2
DA:258,2
DA:259,1
DA:262,1
DA:270,1
DA:276,2
DA:277,8
DA:320,13
DA:323,15
DA:327,13
DA:328,13
DA:329,1
DA:331,12
DA:332,12
DA:333,12
DA:337,3
DA:338,3
DA:339,3
DA:343,2
DA:344,2
DA:345,1
DA:349,2
LF:83
LH:74
BRDA:29,0,0,6
BRDA:34,1,0,6
BRDA:34,2,0,6
BRDA:38,3,0,2
BRDA:38,3,1,18
BRDA:112,4,0,6
BRDA:121,5,0,6
BRDA:179,6,0,1
BRDA:179,6,1,0
BRDA:195,7,0,1
BRDA:195,7,1,0
BRDA:214,8,0,0
BRDA:214,8,1,0
BRDA:222,9,0,1
BRDA:222,9,1,0
BRDA:237,10,0,1
BRDA:237,10,1,0
BRDA:258,11,0,1
BRDA:258,11,1,1
BRDA:328,12,0,1
BRDA:328,12,1,12
BRF:21
BRH:15
end_of_record
TN:
SF:src/utils/translator.ts
FN:6,htmlToTypst
FN:46,(anonymous_1)
FN:60,(anonymous_2)
FN:62,(anonymous_3)
FN:74,(anonymous_4)
FN:77,(anonymous_5)
FN:84,(anonymous_6)
FN:87,(anonymous_7)
FNF:8
FNH:8
FNDA:37,htmlToTypst
FNDA:3,(anonymous_1)
FNDA:3,(anonymous_2)
FNDA:6,(anonymous_3)
FNDA:3,(anonymous_4)
FNDA:6,(anonymous_5)
FNDA:2,(anonymous_6)
FNDA:4,(anonymous_7)
DA:7,37
DA:10,37
DA:12,37
DA:48,3
DA:49,3
DA:50,1
DA:54,2
DA:55,3
DA:58,3
DA:60,3
DA:61,3
DA:62,3
DA:63,6
DA:64,6
DA:66,3
DA:69,3
DA:70,3
DA:75,3
DA:76,3
DA:78,6
DA:79,6
DA:82,3
DA:85,2
DA:86,2
DA:88,4
DA:89,4
DA:92,2
DA:104,37
LF:28
LH:28
BRDA:48,0,0,3
BRDA:48,0,1,1
BRDA:49,1,0,1
BRDA:49,1,1,2
BRDA:54,2,0,2
BRDA:54,2,1,0
BRDA:61,3,0,3
BRDA:61,3,1,0
BRDA:75,4,0,3
BRDA:75,4,1,0
BRDA:85,5,0,2
BRDA:85,5,1,0
BRF:12
BRH:8
end_of_record
TN:
SF:src/utils/typstConverter.ts
FN:45,(anonymous_0)
FN:53,(anonymous_1)
FN:83,(anonymous_2)
FN:149,(anonymous_3)
FN:160,(anonymous_4)
FN:162,(anonymous_5)
FN:173,(anonymous_6)
FN:214,(anonymous_7)
FN:221,(anonymous_8)
FN:225,(anonymous_9)
FN:235,(anonymous_10)
FN:238,(anonymous_11)
FN:247,(anonymous_12)
FN:251,(anonymous_13)
FN:254,(anonymous_14)
FN:263,(anonymous_15)
FN:266,(anonymous_16)
FN:280,(anonymous_17)
FN:281,(anonymous_18)
FN:298,(anonymous_19)
FN:300,(anonymous_20)
FN:315,(anonymous_21)
FN:322,(anonymous_22)
FN:323,(anonymous_23)
FN:334,(anonymous_24)
FN:335,(anonymous_25)
FN:343,(anonymous_26)
FN:344,(anonymous_27)
FN:352,(anonymous_28)
FN:356,(anonymous_29)
FN:360,(anonymous_30)
FN:370,(anonymous_31)
FN:377,(anonymous_32)
FN:386,(anonymous_33)
FN:411,(anonymous_34)
FN:420,(anonymous_35)
FN:455,(anonymous_36)
FN:463,(anonymous_37)
FN:473,(anonymous_38)
FN:474,(anonymous_39)
FN:475,(anonymous_40)
FN:476,(anonymous_41)
FNF:42
FNH:29
FNDA:3,(anonymous_0)
FNDA:17,(anonymous_1)
FNDA:14,(anonymous_2)
FNDA:12,(anonymous_3)
FNDA:72,(anonymous_4)
FNDA:4,(anonymous_5)
FNDA:12,(anonymous_6)
FNDA:12,(anonymous_7)
FNDA:0,(anonymous_8)
FNDA:1,(anonymous_9)
FNDA:12,(anonymous_10)
FNDA:0,(anonymous_11)
FNDA:12,(anonymous_12)
FNDA:2,(anonymous_13)
FNDA:4,(anonymous_14)
FNDA:0,(anonymous_15)
FNDA:0,(anonymous_16)
FNDA:12,(anonymous_17)
FNDA:1,(anonymous_18)
FNDA:1,(anonymous_19)
FNDA:2,(anonymous_20)
FNDA:12,(anonymous_21)
FNDA:12,(anonymous_22)
FNDA:6,(anonymous_23)
FNDA:12,(anonymous_24)
FNDA:0,(anonymous_25)
FNDA:12,(anonymous_26)
FNDA:0,(anonymous_27)
FNDA:12,(anonymous_28)
FNDA:0,(anonymous_29)
FNDA:0,(anonymous_30)
FNDA:12,(anonymous_31)
FNDA:12,(anonymous_32)
FNDA:5,(anonymous_33)
FNDA:1,(anonymous_34)
FNDA:0,(anonymous_35)
FNDA:0,(anonymous_36)
FNDA:0,(anonymous_37)
FNDA:14,(anonymous_38)
FNDA:5,(anonymous_39)
FNDA:0,(anonymous_40)
FNDA:0,(anonymous_41)
DA:27,3
DA:46,3
DA:47,3
DA:54,17
DA:77,17
DA:84,14
DA:85,14
DA:87,14
DA:90,14
DA:93,14
DA:96,14
DA:99,14
DA:102,14
DA:105,14
DA:108,14
DA:111,14
DA:114,14
DA:117,14
DA:120,14
DA:123,14
DA:126,14
DA:129,14
DA:130,14
DA:132,14
DA:134,14
DA:136,2
DA:137,2
DA:150,12
DA:159,12
DA:160,12
DA:161,72
DA:162,72
DA:163,4
DA:167,12
DA:174,12
DA:177,12
DA:182,12
DA:187,12
DA:191,12
DA:197,12
DA:201,12
DA:205,12
DA:208,12
DA:215,12
DA:218,12
DA:221,12
DA:222,0
DA:225,12
DA:226,1
DA:229,12
DA:236,12
DA:239,0
DA:248,12
DA:251,12
DA:252,2
DA:253,2
DA:255,4
DA:256,4
DA:259,2
DA:263,12
DA:264,0
DA:265,0
DA:267,0
DA:268,0
DA:271,0
DA:274,12
DA:281,12
DA:282,1
DA:283,1
DA:284,0
DA:288,1
DA:289,1
DA:290,0
DA:292,1
DA:293,1
DA:296,1
DA:298,1
DA:299,1
DA:300,1
DA:301,2
DA:302,2
DA:304,1
DA:307,1
DA:308,1
DA:316,12
DA:323,12
DA:324,6
DA:325,0
DA:327,6
DA:335,12
DA:336,0
DA:344,12
DA:345,0
DA:353,12
DA:356,12
DA:357,0
DA:360,12
DA:361,0
DA:364,12
DA:371,12
DA:378,12
DA:387,5
DA:388,5
DA:390,5
DA:393,5
DA:402,5
DA:405,5
DA:408,5
DA:411,5
DA:412,1
DA:416,5
DA:419,5
DA:420,5
DA:421,0
DA:422,0
DA:426,5
DA:429,5
DA:432,5
DA:435,5
DA:436,5
DA:438,5
DA:440,5
DA:442,0
DA:443,0
DA:456,0
DA:457,0
DA:464,0
DA:469,3
DA:472,3
DA:473,14
DA:474,5
DA:475,0
DA:476,0
LF:133
LH:110
BRDA:45,0,0,3
BRDA:252,1,0,2
BRDA:252,1,1,0
BRDA:264,2,0,0
BRDA:264,2,1,0
BRDA:282,3,0,1
BRDA:282,3,1,0
BRDA:283,4,0,0
BRDA:283,4,1,1
BRDA:289,5,0,0
BRDA:289,5,1,1
BRDA:292,6,0,1
BRDA:292,6,1,0
BRDA:299,7,0,1
BRDA:299,7,1,0
BRDA:324,8,0,0
BRDA:324,8,1,6
BRDA:421,9,0,0
BRDA:421,9,1,0
BRF:19
BRH:8
end_of_record
TN:
SF:src/utils/typstHighlighter.ts
FN:89,(anonymous_0)
FN:100,(anonymous_1)
FN:109,(anonymous_2)
FN:123,(anonymous_3)
FN:137,(anonymous_4)
FN:150,(anonymous_5)
FN:159,(anonymous_6)
FN:160,(anonymous_7)
FNF:8
FNH:8
FNDA:3,(anonymous_0)
FNDA:3,(anonymous_1)
FNDA:8,(anonymous_2)
FNDA:4,(anonymous_3)
FNDA:4,(anonymous_4)
FNDA:3,(anonymous_5)
FNDA:1,(anonymous_6)
FNDA:1,(anonymous_7)
DA:9,3
DA:91,3
DA:94,3
DA:110,8
DA:112,8
DA:113,8
DA:115,0
DA:116,0
DA:124,4
DA:126,4
DA:127,4
DA:129,1
DA:130,1
DA:138,4
DA:139,3
DA:151,3
DA:156,3
DA:159,3
DA:160,3
LF:19
LH:17
BRDA:113,0,0,8
BRDA:113,0,1,8
BRDA:127,1,0,4
BRDA:127,1,1,3
BRDA:138,2,0,1
BRDA:138,2,1,3
BRF:6
BRH:6
end_of_record
TN:
SF:src/utils/typstTemplates.ts
FN:21,(anonymous_0)
FN:28,(anonymous_1)
FN:330,(anonymous_2)
FN:337,(anonymous_3)
FN:344,(anonymous_4)
FN:351,(anonymous_5)
FN:352,(anonymous_6)
FN:358,(anonymous_7)
FN:365,(anonymous_8)
FN:377,(anonymous_9)
FN:388,(anonymous_10)
FN:391,(anonymous_11)
FN:402,(anonymous_12)
FN:403,(anonymous_13)
FN:404,(anonymous_14)
FN:406,(anonymous_15)
FNF:16
FNH:16
FNDA:44,(anonymous_0)
FNDA:44,(anonymous_1)
FNDA:271,(anonymous_2)
FNDA:26,(anonymous_3)
FNDA:25,(anonymous_4)
FNDA:7,(anonymous_5)
FNDA:42,(anonymous_6)
FNDA:2,(anonymous_7)
FNDA:2,(anonymous_8)
FNDA:5,(anonymous_9)
FNDA:7,(anonymous_10)
FNDA:42,(anonymous_11)
FNDA:1,(anonymous_12)
FNDA:1,(anonymous_13)
FNDA:1,(anonymous_14)
FNDA:2,(anonymous_15)
DA:19,44
DA:22,44
DA:30,44
DA:85,44
DA:135,44
DA:182,44
DA:234,44
DA:272,44
DA:331,271
DA:338,26
DA:345,25
DA:352,42
DA:359,2
DA:366,2
DA:367,2
DA:368,1
DA:370,1
DA:371,1
DA:378,5
DA:379,5
DA:380,3
DA:382,2
DA:389,7
DA:390,7
DA:392,42
DA:399,3
DA:402,3
DA:403,3
DA:404,3
DA:405,1
DA:406,3
DA:407,2
LF:32
LH:32
BRDA:367,0,0,1
BRDA:367,0,1,1
BRDA:379,1,0,3
BRDA:379,1,1,2
BRDA:392,2,0,42
BRDA:392,2,1,32
BRF:6
BRH:6
end_of_record
TN:
SF:src/utils/versionHistory.ts
FN:41,(anonymous_0)
FN:43,(anonymous_1)
FN:54,(anonymous_2)
FN:65,(anonymous_3)
FN:77,(anonymous_4)
FN:120,(anonymous_5)
FN:121,(anonymous_6)
FN:129,(anonymous_7)
FN:130,(anonymous_8)
FN:137,(anonymous_9)
FN:145,(anonymous_10)
FN:154,(anonymous_11)
FN:173,(anonymous_12)
FN:174,(anonymous_13)
FN:185,(anonymous_14)
FN:197,(anonymous_15)
FN:200,(anonymous_16)
FN:209,(anonymous_17)
FN:210,(anonymous_18)
FN:218,(anonymous_19)
FN:219,(anonymous_20)
FN:228,(anonymous_21)
FN:229,(anonymous_22)
FN:238,(anonymous_23)
FN:258,(anonymous_24)
FN:296,(anonymous_25)
FN:321,(anonymous_26)
FN:326,(anonymous_27)
FN:336,(anonymous_28)
FN:367,(anonymous_29)
FN:378,(anonymous_30)
FN:395,(anonymous_31)
FN:410,(anonymous_32)
FN:425,(anonymous_33)
FN:428,(anonymous_34)
FN:440,(anonymous_35)
FN:448,(anonymous_36)
FN:461,(anonymous_37)
FN:469,(anonymous_38)
FN:487,(anonymous_39)
FN:495,(anonymous_40)
FN:508,(anonymous_41)
FNF:42
FNH:40
FNDA:1,(anonymous_0)
FNDA:1,(anonymous_1)
FNDA:90,(anonymous_2)
FNDA:2,(anonymous_3)
FNDA:107,(anonymous_4)
FNDA:50,(anonymous_5)
FNDA:55,(anonymous_6)
FNDA:3,(anonymous_7)
FNDA:2,(anonymous_8)
FNDA:3,(anonymous_9)
FNDA:16,(anonymous_10)
FNDA:3,(anonymous_11)
FNDA:1,(anonymous_12)
FNDA:1,(anonymous_13)
FNDA:7,(anonymous_14)
FNDA:2,(anonymous_15)
FNDA:2,(anonymous_16)
FNDA:2,(anonymous_17)
FNDA:4,(anonymous_18)
FNDA:3,(anonymous_19)
FNDA:4,(anonymous_20)
FNDA:4,(anonymous_21)
FNDA:4,(anonymous_22)
FNDA:8,(anonymous_23)
FNDA:7,(anonymous_24)
FNDA:7,(anonymous_25)
FNDA:6,(anonymous_26)
FNDA:0,(anonymous_27)
FNDA:5,(anonymous_28)
FNDA:3,(anonymous_29)
FNDA:3,(anonymous_30)
FNDA:112,(anonymous_31)
FNDA:9,(anonymous_32)
FNDA:1,(anonymous_33)
FNDA:0,(anonymous_34)
FNDA:85,(anonymous_35)
FNDA:4,(anonymous_36)
FNDA:5,(anonymous_37)
FNDA:2,(anonymous_38)
FNDA:105,(anonymous_39)
FNDA:4,(anonymous_40)
FNDA:5,(anonymous_41)
DA:32,1
DA:33,1
DA:34,1
DA:35,1
DA:36,1
DA:37,1
DA:38,1
DA:39,1
DA:44,1
DA:45,1
DA:47,1
DA:55,90
DA:56,1
DA:58,89
DA:66,2
DA:83,107
DA:84,2
DA:87,105
DA:88,105
DA:90,105
DA:105,107
DA:108,107
DA:109,17
DA:112,105
DA:121,55
DA:130,3
DA:138,3
DA:146,16
DA:155,3
DA:156,3
DA:157,1
DA:161,2
DA:162,2
DA:163,0
DA:166,2
DA:174,1
DA:175,1
DA:176,1
DA:186,7
DA:187,7
DA:188,5
DA:198,2
DA:199,2
DA:200,2
DA:210,4
DA:219,4
DA:229,4
DA:239,8
DA:240,8
DA:242,8
DA:243,1
DA:246,7
DA:248,7
DA:268,7
DA:269,7
DA:271,7
DA:272,7
DA:273,7
DA:275,7
DA:277,7
DA:278,15
DA:279,15
DA:281,15
DA:282,3
DA:283,12
DA:284,1
DA:285,11
DA:286,1
DA:290,7
DA:301,7
DA:303,7
DA:304,3
DA:307,7
DA:308,1
DA:311,7
DA:312,1
DA:315,7
DA:322,6
DA:323,3
DA:326,3
DA:337,5
DA:338,0
DA:342,5
DA:345,5
DA:346,3
DA:350,2
DA:351,2
DA:353,2
DA:356,2
DA:357,1
DA:360,1
DA:368,3
DA:369,2
DA:370,2
DA:379,3
DA:380,1
DA:383,2
DA:386,2
DA:387,1
DA:388,1
DA:397,112
DA:398,112
DA:399,1040
DA:400,1040
DA:401,1040
DA:403,112
DA:411,9
DA:412,1
DA:414,8
DA:417,8
DA:418,0
DA:426,1
DA:428,0
DA:429,0
DA:430,0
DA:432,0
DA:441,85
DA:442,85
DA:456,4
DA:457,4
DA:458,4
DA:459,4
DA:461,4
DA:462,5
DA:463,5
DA:465,5
DA:466,1
DA:469,5
DA:470,2
DA:474,4
DA:488,105
DA:496,4
DA:501,4
DA:509,5
DA:510,5
DA:511,5
DA:512,2
DA:514,4
DA:515,3
DA:518,1
DA:523,1
LF:141
LH:134
BRDA:44,0,0,1
BRDA:44,0,1,0
BRDA:55,1,0,1
BRDA:55,1,1,89
BRDA:55,2,0,90
BRDA:55,2,1,89
BRDA:79,3,0,107
BRDA:80,4,0,107
BRDA:81,5,0,107
BRDA:83,6,0,2
BRDA:83,6,1,105
BRDA:96,7,0,105
BRDA:96,7,1,100
BRDA:96,8,0,2
BRDA:96,8,1,98
BRDA:102,9,0,52
BRDA:102,9,1,53
BRDA:108,10,0,17
BRDA:108,10,1,90
BRDA:121,11,0,50
BRDA:121,11,1,8
BRDA:130,12,0,3
BRDA:130,12,1,2
BRDA:138,13,0,2
BRDA:138,13,1,1
BRDA:156,14,0,1
BRDA:156,14,1,2
BRDA:162,15,0,0
BRDA:162,15,1,2
BRDA:175,16,0,1
BRDA:175,16,1,0
BRDA:187,17,0,5
BRDA:187,17,1,2
BRDA:187,18,0,7
BRDA:187,18,1,6
BRDA:199,19,0,1
BRDA:199,19,1,1
BRDA:229,20,0,4
BRDA:229,20,1,3
BRDA:242,21,0,1
BRDA:242,21,1,7
BRDA:242,22,0,8
BRDA:242,22,1,7
BRDA:278,23,0,15
BRDA:278,23,1,3
BRDA:279,24,0,15
BRDA:279,24,1,1
BRDA:281,25,0,3
BRDA:281,25,1,12
BRDA:281,26,0,15
BRDA:281,26,1,3
BRDA:283,27,0,1
BRDA:283,27,1,11
BRDA:283,28,0,12
BRDA:283,28,1,12
BRDA:285,29,0,1
BRDA:285,29,1,10
BRDA:303,30,0,3
BRDA:303,30,1,4
BRDA:304,31,0,0
BRDA:304,31,1,3
BRDA:307,32,0,1
BRDA:307,32,1,6
BRDA:308,33,0,0
BRDA:308,33,1,1
BRDA:311,34,0,1
BRDA:311,34,1,6
BRDA:312,35,0,0
BRDA:312,35,1,1
BRDA:315,36,0,5
BRDA:315,36,1,2
BRDA:322,37,0,3
BRDA:322,37,1,3
BRDA:337,38,0,0
BRDA:337,38,1,5
BRDA:345,39,0,3
BRDA:345,39,1,2
BRDA:356,40,0,1
BRDA:356,40,1,1
BRDA:368,41,0,2
BRDA:368,41,1,1
BRDA:379,42,0,1
BRDA:379,42,1,2
BRDA:386,43,0,1
BRDA:386,43,1,1
BRDA:411,44,0,1
BRDA:411,44,1,8
BRDA:429,45,0,0
BRDA:429,45,1,0
BRDA:462,46,0,5
BRDA:462,46,1,4
BRDA:465,47,0,1
BRDA:465,47,1,4
BRDA:470,48,0,2
BRDA:470,48,1,2
BRDA:511,49,0,2
BRDA:511,49,1,3
BRDA:511,50,0,5
BRDA:511,50,1,3
BRDA:514,51,0,3
BRDA:514,51,1,1
BRF:101
BRH:92
end_of_record
